#
# There is insufficient memory for the Java Runtime Environment to continue.
# Native memory allocation (mmap) failed to map 87031808 bytes for committing reserved memory.
# Possible reasons:
#   The system is out of physical RAM or swap space
#   In 32 bit mode, the process size limit was hit
# Possible solutions:
#   Reduce memory load on the system
#   Increase physical memory or swap space
#   Check if swap backing store is full
#   Use 64 bit Java on a 64 bit OS
#   Decrease Java heap size (-Xmx/-Xms)
#   Decrease number of Java threads
#   Decrease Java thread stack sizes (-Xss)
#   Set larger code cache with -XX:ReservedCodeCacheSize=
# This output file may be truncated or incomplete.
#
#  Out of Memory Error (os_linux.cpp:2640), pid=1955, tid=0x00007fe45b095700
#
# JRE version: Java(TM) SE Runtime Environment (8.0_131-b11) (build 1.8.0_131-b11)
# Java VM: Java HotSpot(TM) 64-Bit Server VM (25.131-b11 mixed mode linux-amd64 compressed oops)
# Failed to write core dump. Core dumps have been disabled. To enable core dumping, try "ulimit -c unlimited" before starting Java again
#

---------------  T H R E A D  ---------------

Current thread (0x00007fe478084000):  VMThread [stack: 0x00007fe45af95000,0x00007fe45b096000] [id=1994]

Stack: [0x00007fe45af95000,0x00007fe45b096000],  sp=0x00007fe45b093fa0,  free space=1019k
Native frames: (J=compiled Java code, j=interpreted, Vv=VM code, C=native code)
V  [libjvm.so+0xac826a]  VMError::report_and_die()+0x2ba
V  [libjvm.so+0x4fd4cb]  report_vm_out_of_memory(char const*, int, unsigned long, VMErrorType, char const*)+0x8b
V  [libjvm.so+0x924f53]  os::Linux::commit_memory_impl(char*, unsigned long, bool)+0x103
V  [libjvm.so+0x9254a9]  os::pd_commit_memory(char*, unsigned long, unsigned long, bool)+0x29
V  [libjvm.so+0x91f6ca]  os::commit_memory(char*, unsigned long, unsigned long, bool)+0x2a
V  [libjvm.so+0x9941e3]  PSVirtualSpace::expand_by(unsigned long)+0x53
V  [libjvm.so+0x9955e8]  PSYoungGen::resize_generation(unsigned long, unsigned long)+0xf8
V  [libjvm.so+0x994742]  PSYoungGen::resize(unsigned long, unsigned long)+0x22
V  [libjvm.so+0x991a1b]  PSScavenge::invoke_no_policy()+0xf3b
V  [libjvm.so+0x9921a1]  PSScavenge::invoke()+0x41
V  [libjvm.so+0x948f00]  ParallelScavengeHeap::failed_mem_allocate(unsigned long)+0x70
V  [libjvm.so+0xac9c87]  VM_ParallelGCFailedAllocation::doit()+0x97
V  [libjvm.so+0xad1765]  VM_Operation::evaluate()+0x55
V  [libjvm.so+0xacfb3a]  VMThread::evaluate_operation(VM_Operation*)+0xba
V  [libjvm.so+0xacfebe]  VMThread::loop()+0x1ce
V  [libjvm.so+0xad0330]  VMThread::run()+0x70
V  [libjvm.so+0x927568]  java_start(Thread*)+0x108

VM_Operation (0x00007fe47fdff4b0): ParallelGCFailedAllocation, mode: safepoint, requested by thread 0x00007fe478016800


---------------  P R O C E S S  ---------------

Java Threads: ( => current thread )
  0x00007fe479bd8000 JavaThread "pool-2-thread-1" daemon [_thread_blocked, id=2100, stack(0x00007fe41b6ff000,0x00007fe41b800000)]
  0x00007fe479bcb800 JavaThread "cluster-ClusterId{value='5a14b93e916acc07a3f39f53', description='null'}-localhost:27017" daemon [_thread_blocked, id=2099, stack(0x00007fe458fdb000,0x00007fe4590dc000)]
  0x00007fe478105000 JavaThread "Service Thread" daemon [_thread_blocked, id=2060, stack(0x00007fe45a175000,0x00007fe45a276000)]
  0x00007fe4780df800 JavaThread "C1 CompilerThread2" daemon [_thread_blocked, id=2059, stack(0x00007fe45a276000,0x00007fe45a377000)]
  0x00007fe4780de000 JavaThread "C2 CompilerThread1" daemon [_thread_blocked, id=2058, stack(0x00007fe45a377000,0x00007fe45a478000)]
  0x00007fe4780db000 JavaThread "C2 CompilerThread0" daemon [_thread_blocked, id=2057, stack(0x00007fe45a478000,0x00007fe45a579000)]
  0x00007fe440001000 JavaThread "JDWP Command Reader" daemon [_thread_in_native, id=2051, stack(0x00007fe45a579000,0x00007fe45a67a000)]
  0x00007fe4780d9000 JavaThread "JDWP Event Helper Thread" daemon [_thread_blocked, id=2046, stack(0x00007fe45a67a000,0x00007fe45a77b000)]
  0x00007fe4780d6000 JavaThread "JDWP Transport Listener: dt_socket" daemon [_thread_blocked, id=2041, stack(0x00007fe45a77b000,0x00007fe45a87c000)]
  0x00007fe4780c2800 JavaThread "Signal Dispatcher" daemon [_thread_blocked, id=2039, stack(0x00007fe45ac92000,0x00007fe45ad93000)]
  0x00007fe478090800 JavaThread "Finalizer" daemon [_thread_blocked, id=2002, stack(0x00007fe45ad93000,0x00007fe45ae94000)]
  0x00007fe47808c000 JavaThread "Reference Handler" daemon [_thread_blocked, id=1996, stack(0x00007fe45ae94000,0x00007fe45af95000)]
  0x00007fe478016800 JavaThread "main" [_thread_blocked, id=1959, stack(0x00007fe47fd03000,0x00007fe47fe04000)]

Other Threads:
=>0x00007fe478084000 VMThread [stack: 0x00007fe45af95000,0x00007fe45b096000] [id=1994]
  0x00007fe478110800 WatcherThread [stack: 0x00007fe45a074000,0x00007fe45a175000] [id=2072]

VM state:at safepoint (normal execution)

VM Mutex/Monitor currently owned by a thread:  ([mutex/lock_event])
[0x00007fe478014b70] Threads_lock - owner thread: 0x00007fe478084000
[0x00007fe478015070] Heap_lock - owner thread: 0x00007fe478016800

Heap:
 PSYoungGen      total 197120K, used 8680K [0x00000000d8200000, 0x00000000e5500000, 0x0000000100000000)
  eden space 188416K, 0% used [0x00000000d8200000,0x00000000d8200000,0x00000000e3a00000)
  from space 8704K, 99% used [0x00000000e4400000,0x00000000e4c7a030,0x00000000e4c80000)
  to   space 5632K, 0% used [0x00000000e4f80000,0x00000000e4f80000,0x00000000e5500000)
 ParOldGen       total 81408K, used 21517K [0x0000000088600000, 0x000000008d580000, 0x00000000d8200000)
  object space 81408K, 26% used [0x0000000088600000,0x0000000089b03538,0x000000008d580000)
 Metaspace       used 41200K, capacity 41692K, committed 42152K, reserved 1085440K
  class space    used 5109K, capacity 5268K, committed 5288K, reserved 1048576K

Card table byte_map: [0x00007fe47c123000,0x00007fe47c4e1000] byte_map_base: 0x00007fe47bce0000

Marking Bits: (ParMarkBitMap*) 0x00007fe47f1d1f60
 Begin Bits: [0x00007fe460430000, 0x00007fe462218000)
 End Bits:   [0x00007fe462218000, 0x00007fe464000000)

Polling page: 0x00007fe47fe1f000

CodeCache: size=245760Kb used=17144Kb max_used=17218Kb free=228615Kb
 bounds [0x00007fe469000000, 0x00007fe46a110000, 0x00007fe478000000]
 total_blobs=4412 nmethods=3760 adapters=573
 compilation: enabled

Compilation events (10 events):
Event: 35,181 Thread 0x00007fe4780de000 nmethod 4410 0x00007fe46947de90 code [0x00007fe46947e020, 0x00007fe46947e528]
Event: 35,181 Thread 0x00007fe4780de000 4411       4       sun.reflect.generics.repository.ConstructorRepository::getParameterTypes (78 bytes)
Event: 35,208 Thread 0x00007fe4780de000 nmethod 4411 0x00007fe46934c950 code [0x00007fe46934cb00, 0x00007fe46934d108]
Event: 35,209 Thread 0x00007fe4780de000 4412   !   4       org.springframework.beans.factory.support.DefaultSingletonBeanRegistry::getSingleton (128 bytes)
Event: 35,281 Thread 0x00007fe4780db000 nmethod 4404 0x00007fe4698ef650 code [0x00007fe4698ef7c0, 0x00007fe4698efaa8]
Event: 35,281 Thread 0x00007fe4780db000 4413       4       java.util.HashMap::isEmpty (13 bytes)
Event: 35,282 Thread 0x00007fe4780db000 nmethod 4413 0x00007fe46914fa90 code [0x00007fe46914fbe0, 0x00007fe46914fc58]
Event: 35,320 Thread 0x00007fe4780de000 nmethod 4412 0x00007fe469a34410 code [0x00007fe469a346e0, 0x00007fe469a36ca8]
Event: 35,416 Thread 0x00007fe4780db000 4414       4       org.springframework.core.SerializableTypeWrapper$MethodParameterTypeProvider::getType (8 bytes)
Event: 35,459 Thread 0x00007fe4780db000 nmethod 4414 0x00007fe469a32510 code [0x00007fe469a32740, 0x00007fe469a33590]

GC Heap History (10 events):
Event: 16,036 GC heap after
Heap after GC invocations=10 (full 1):
 PSYoungGen      total 124928K, used 5617K [0x00000000d8200000, 0x00000000e2180000, 0x0000000100000000)
  eden space 116736K, 0% used [0x00000000d8200000,0x00000000d8200000,0x00000000df400000)
  from space 8192K, 68% used [0x00000000df400000,0x00000000df97c6c8,0x00000000dfc00000)
  to   space 8192K, 0% used [0x00000000e1980000,0x00000000e1980000,0x00000000e2180000)
 ParOldGen       total 50176K, used 8748K [0x0000000088600000, 0x000000008b700000, 0x00000000d8200000)
  object space 50176K, 17% used [0x0000000088600000,0x0000000088e8b020,0x000000008b700000)
 Metaspace       used 26432K, capacity 26736K, committed 27008K, reserved 1073152K
  class space    used 3244K, capacity 3339K, committed 3456K, reserved 1048576K
}
Event: 17,847 GC heap before
{Heap before GC invocations=11 (full 1):
 PSYoungGen      total 124928K, used 122353K [0x00000000d8200000, 0x00000000e2180000, 0x0000000100000000)
  eden space 116736K, 100% used [0x00000000d8200000,0x00000000df400000,0x00000000df400000)
  from space 8192K, 68% used [0x00000000df400000,0x00000000df97c6c8,0x00000000dfc00000)
  to   space 8192K, 0% used [0x00000000e1980000,0x00000000e1980000,0x00000000e2180000)
 ParOldGen       total 50176K, used 8748K [0x0000000088600000, 0x000000008b700000, 0x00000000d8200000)
  object space 50176K, 17% used [0x0000000088600000,0x0000000088e8b020,0x000000008b700000)
 Metaspace       used 29263K, capacity 29578K, committed 29824K, reserved 1075200K
  class space    used 3581K, capacity 3674K, committed 3712K, reserved 1048576K
Event: 17,859 GC heap after
Heap after GC invocations=11 (full 1):
 PSYoungGen      total 155136K, used 6978K [0x00000000d8200000, 0x00000000e3000000, 0x0000000100000000)
  eden space 146944K, 0% used [0x00000000d8200000,0x00000000d8200000,0x00000000e1180000)
  from space 8192K, 85% used [0x00000000e1980000,0x00000000e2050ab8,0x00000000e2180000)
  to   space 8192K, 0% used [0x00000000e1180000,0x00000000e1180000,0x00000000e1980000)
 ParOldGen       total 50176K, used 9768K [0x0000000088600000, 0x000000008b700000, 0x00000000d8200000)
  object space 50176K, 19% used [0x0000000088600000,0x0000000088f8a050,0x000000008b700000)
 Metaspace       used 29263K, capacity 29578K, committed 29824K, reserved 1075200K
  class space    used 3581K, capacity 3674K, committed 3712K, reserved 1048576K
}
Event: 22,844 GC heap before
{Heap before GC invocations=12 (full 1):
 PSYoungGen      total 155136K, used 105509K [0x00000000d8200000, 0x00000000e3000000, 0x0000000100000000)
  eden space 146944K, 67% used [0x00000000d8200000,0x00000000de238c48,0x00000000e1180000)
  from space 8192K, 85% used [0x00000000e1980000,0x00000000e2050ab8,0x00000000e2180000)
  to   space 8192K, 0% used [0x00000000e1180000,0x00000000e1180000,0x00000000e1980000)
 ParOldGen       total 50176K, used 9768K [0x0000000088600000, 0x000000008b700000, 0x00000000d8200000)
  object space 50176K, 19% used [0x0000000088600000,0x0000000088f8a050,0x000000008b700000)
 Metaspace       used 34911K, capacity 35296K, committed 35496K, reserved 1081344K
  class space    used 4368K, capacity 4496K, committed 4520K, reserved 1048576K
Event: 22,880 GC heap after
Heap after GC invocations=12 (full 1):
 PSYoungGen      total 155136K, used 7521K [0x00000000d8200000, 0x00000000e5800000, 0x0000000100000000)
  eden space 146944K, 0% used [0x00000000d8200000,0x00000000d8200000,0x00000000e1180000)
  from space 8192K, 91% used [0x00000000e1180000,0x00000000e18d8798,0x00000000e1980000)
  to   space 8704K, 0% used [0x00000000e4f80000,0x00000000e4f80000,0x00000000e5800000)
 ParOldGen       total 50176K, used 14244K [0x0000000088600000, 0x000000008b700000, 0x00000000d8200000)
  object space 50176K, 28% used [0x0000000088600000,0x00000000893e9060,0x000000008b700000)
 Metaspace       used 34911K, capacity 35296K, committed 35496K, reserved 1081344K
  class space    used 4368K, capacity 4496K, committed 4520K, reserved 1048576K
}
Event: 22,880 GC heap before
{Heap before GC invocations=13 (full 2):
 PSYoungGen      total 155136K, used 7521K [0x00000000d8200000, 0x00000000e5800000, 0x0000000100000000)
  eden space 146944K, 0% used [0x00000000d8200000,0x00000000d8200000,0x00000000e1180000)
  from space 8192K, 91% used [0x00000000e1180000,0x00000000e18d8798,0x00000000e1980000)
  to   space 8704K, 0% used [0x00000000e4f80000,0x00000000e4f80000,0x00000000e5800000)
 ParOldGen       total 50176K, used 14244K [0x0000000088600000, 0x000000008b700000, 0x00000000d8200000)
  object space 50176K, 28% used [0x0000000088600000,0x00000000893e9060,0x000000008b700000)
 Metaspace       used 34911K, capacity 35296K, committed 35496K, reserved 1081344K
  class space    used 4368K, capacity 4496K, committed 4520K, reserved 1048576K
Event: 23,062 GC heap after
Heap after GC invocations=13 (full 2):
 PSYoungGen      total 155136K, used 0K [0x00000000d8200000, 0x00000000e5800000, 0x0000000100000000)
  eden space 146944K, 0% used [0x00000000d8200000,0x00000000d8200000,0x00000000e1180000)
  from space 8192K, 0% used [0x00000000e1180000,0x00000000e1180000,0x00000000e1980000)
  to   space 8704K, 0% used [0x00000000e4f80000,0x00000000e4f80000,0x00000000e5800000)
 ParOldGen       total 81408K, used 18955K [0x0000000088600000, 0x000000008d580000, 0x00000000d8200000)
  object space 81408K, 23% used [0x0000000088600000,0x0000000089882d30,0x000000008d580000)
 Metaspace       used 34911K, capacity 35296K, committed 35496K, reserved 1081344K
  class space    used 4368K, capacity 4496K, committed 4520K, reserved 1048576K
}
Event: 25,978 GC heap before
{Heap before GC invocations=14 (full 2):
 PSYoungGen      total 155136K, used 146944K [0x00000000d8200000, 0x00000000e5800000, 0x0000000100000000)
  eden space 146944K, 100% used [0x00000000d8200000,0x00000000e1180000,0x00000000e1180000)
  from space 8192K, 0% used [0x00000000e1180000,0x00000000e1180000,0x00000000e1980000)
  to   space 8704K, 0% used [0x00000000e4f80000,0x00000000e4f80000,0x00000000e5800000)
 ParOldGen       total 81408K, used 18955K [0x0000000088600000, 0x000000008d580000, 0x00000000d8200000)
  object space 81408K, 23% used [0x0000000088600000,0x0000000089882d30,0x000000008d580000)
 Metaspace       used 37525K, capacity 38016K, committed 38440K, reserved 1083392K
  class space    used 4678K, capacity 4832K, committed 4904K, reserved 1048576K
Event: 25,996 GC heap after
Heap after GC invocations=14 (full 2):
 PSYoungGen      total 194048K, used 5328K [0x00000000d8200000, 0x00000000e5500000, 0x0000000100000000)
  eden space 188416K, 0% used [0x00000000d8200000,0x00000000d8200000,0x00000000e3a00000)
  from space 5632K, 94% used [0x00000000e4f80000,0x00000000e54b43d8,0x00000000e5500000)
  to   space 8704K, 0% used [0x00000000e4400000,0x00000000e4400000,0x00000000e4c80000)
 ParOldGen       total 81408K, used 18963K [0x0000000088600000, 0x000000008d580000, 0x00000000d8200000)
  object space 81408K, 23% used [0x0000000088600000,0x0000000089884d30,0x000000008d580000)
 Metaspace       used 37525K, capacity 38016K, committed 38440K, reserved 1083392K
  class space    used 4678K, capacity 4832K, committed 4904K, reserved 1048576K
}
Event: 37,182 GC heap before
{Heap before GC invocations=15 (full 2):
 PSYoungGen      total 194048K, used 193744K [0x00000000d8200000, 0x00000000e5500000, 0x0000000100000000)
  eden space 188416K, 100% used [0x00000000d8200000,0x00000000e3a00000,0x00000000e3a00000)
  from space 5632K, 94% used [0x00000000e4f80000,0x00000000e54b43d8,0x00000000e5500000)
  to   space 8704K, 0% used [0x00000000e4400000,0x00000000e4400000,0x00000000e4c80000)
 ParOldGen       total 81408K, used 18963K [0x0000000088600000, 0x000000008d580000, 0x00000000d8200000)
  object space 81408K, 23% used [0x0000000088600000,0x0000000089884d30,0x000000008d580000)
 Metaspace       used 41200K, capacity 41692K, committed 42152K, reserved 1085440K
  class space    used 5109K, capacity 5268K, committed 5288K, reserved 1048576K

Deoptimization events (10 events):
Event: 24,729 Thread 0x00007fe478016800 Uncommon trap: reason=unstable_if action=reinterpret pc=0x00007fe469625b8c method=java.util.concurrent.ConcurrentHashMap.get(Ljava/lang/Object;)Ljava/lang/Object; @ 76
Event: 24,789 Thread 0x00007fe478016800 Uncommon trap: reason=null_check action=make_not_entrant pc=0x00007fe469dc98d4 method=org.springframework.core.annotation.AnnotatedElementUtils.searchWithFindSemantics(Ljava/lang/reflect/AnnotatedElement;Ljava/lang/Class;Ljava/lang/String;Ljava/lang/Class
Event: 25,325 Thread 0x00007fe478016800 Uncommon trap: reason=class_check action=maybe_recompile pc=0x00007fe469810298 method=java.lang.reflect.Array.newInstance(Ljava/lang/Class;I)Ljava/lang/Object; @ 2
Event: 25,325 Thread 0x00007fe478016800 Uncommon trap: reason=class_check action=maybe_recompile pc=0x00007fe469810298 method=java.lang.reflect.Array.newInstance(Ljava/lang/Class;I)Ljava/lang/Object; @ 2
Event: 25,325 Thread 0x00007fe478016800 Uncommon trap: reason=class_check action=maybe_recompile pc=0x00007fe469810298 method=java.lang.reflect.Array.newInstance(Ljava/lang/Class;I)Ljava/lang/Object; @ 2
Event: 25,325 Thread 0x00007fe478016800 Uncommon trap: reason=class_check action=maybe_recompile pc=0x00007fe469810298 method=java.lang.reflect.Array.newInstance(Ljava/lang/Class;I)Ljava/lang/Object; @ 2
Event: 26,168 Thread 0x00007fe478016800 Uncommon trap: reason=unstable_if action=reinterpret pc=0x00007fe469b44688 method=org.springframework.beans.factory.support.DefaultSingletonBeanRegistry.getSingleton(Ljava/lang/String;Z)Ljava/lang/Object; @ 47
Event: 27,427 Thread 0x00007fe478016800 Uncommon trap: reason=unstable_if action=reinterpret pc=0x00007fe469c728a4 method=org.springframework.beans.factory.support.AbstractBeanFactory.isTypeMatch(Ljava/lang/String;Lorg/springframework/core/ResolvableType;)Z @ 478
Event: 27,458 Thread 0x00007fe478016800 Uncommon trap: reason=unstable_if action=reinterpret pc=0x00007fe469ec1b14 method=org.springframework.util.StringUtils.collectionToDelimitedString(Ljava/util/Collection;Ljava/lang/String;Ljava/lang/String;Ljava/lang/String;)Ljava/lang/String; @ 4
Event: 32,917 Thread 0x00007fe478016800 Uncommon trap: reason=unstable_if action=reinterpret pc=0x00007fe469544fe8 method=java.lang.ClassLoader.getClassLoadingLock(Ljava/lang/String;)Ljava/lang/Object; @ 6

Internal exceptions (10 events):
Event: 35,402 Thread 0x00007fe478016800 Exception <a 'java/lang/ClassNotFoundException': java/lang/ObjectCustomizer> (0x00000000e37bcd70) thrown at [/HUDSON/workspace/8-2-build-linux-amd64/jdk8u131/8869/hotspot/src/share/vm/classfile/systemDictionary.cpp, line 210]
Event: 35,405 Thread 0x00007fe478016800 Exception <a 'java/lang/ClassNotFoundException': org/springframework/web/filter/GenericFilterBeanCustomizer> (0x00000000e37fc8a0) thrown at [/HUDSON/workspace/8-2-build-linux-amd64/jdk8u131/8869/hotspot/src/share/vm/classfile/systemDictionary.cpp, line 21
Event: 35,409 Thread 0x00007fe478016800 Exception <a 'java/lang/ClassNotFoundException': org/springframework/web/filter/OncePerRequestFilterCustomizer> (0x00000000e3843b18) thrown at [/HUDSON/workspace/8-2-build-linux-amd64/jdk8u131/8869/hotspot/src/share/vm/classfile/systemDictionary.cpp, line
Event: 35,412 Thread 0x00007fe478016800 Exception <a 'java/lang/ClassNotFoundException': org/springframework/web/filter/RequestContextFilterCustomizer> (0x00000000e3885e08) thrown at [/HUDSON/workspace/8-2-build-linux-amd64/jdk8u131/8869/hotspot/src/share/vm/classfile/systemDictionary.cpp, line
Event: 35,415 Thread 0x00007fe478016800 Exception <a 'java/lang/ClassNotFoundException': org/springframework/boot/web/filter/OrderedRequestContextFilterCustomizer> (0x00000000e38d0790) thrown at [/HUDSON/workspace/8-2-build-linux-amd64/jdk8u131/8869/hotspot/src/share/vm/classfile/systemDictiona
Event: 35,420 Thread 0x00007fe478016800 Exception <a 'java/lang/ClassNotFoundException': org/springframework/core/OrderedCustomizer> (0x00000000e3909870) thrown at [/HUDSON/workspace/8-2-build-linux-amd64/jdk8u131/8869/hotspot/src/share/vm/classfile/systemDictionary.cpp, line 210]
Event: 35,425 Thread 0x00007fe478016800 Exception <a 'java/lang/ClassNotFoundException': javax/servlet/FilterCustomizer> (0x00000000e3931798) thrown at [/HUDSON/workspace/8-2-build-linux-amd64/jdk8u131/8869/hotspot/src/share/vm/classfile/systemDictionary.cpp, line 210]
Event: 35,430 Thread 0x00007fe478016800 Exception <a 'java/lang/ClassNotFoundException': org/springframework/beans/factory/BeanNameAwareCustomizer> (0x00000000e396eaa8) thrown at [/HUDSON/workspace/8-2-build-linux-amd64/jdk8u131/8869/hotspot/src/share/vm/classfile/systemDictionary.cpp, line 210
Event: 35,434 Thread 0x00007fe478016800 Exception <a 'java/lang/ClassNotFoundException': org/springframework/context/EnvironmentAwareCustomizer> (0x00000000e39a9508) thrown at [/HUDSON/workspace/8-2-build-linux-amd64/jdk8u131/8869/hotspot/src/share/vm/classfile/systemDictionary.cpp, line 210]
Event: 35,439 Thread 0x00007fe478016800 Exception <a 'java/lang/ClassNotFoundException': org/springframework/core/env/EnvironmentCapableCustomizer> (0x00000000e39e5ee0) thrown at [/HUDSON/workspace/8-2-build-linux-amd64/jdk8u131/8869/hotspot/src/share/vm/classfile/systemDictionary.cpp, line 210

Events (10 events):
Event: 35,439 Thread 0x00007fe478016800 DEOPT UNPACKING pc=0x00007fe469047633 sp=0x00007fe47fe00a58 mode 1
Event: 35,439 loading class org/springframework/web/context/ServletContextAwareCustomizer
Event: 35,439 loading class org/springframework/web/context/ServletContextAwareCustomizer done
Event: 35,439 Thread 0x00007fe478016800 DEOPT PACKING pc=0x00007fe4692524a1 sp=0x00007fe47fe00190
Event: 35,440 Thread 0x00007fe478016800 DEOPT UNPACKING pc=0x00007fe469047633 sp=0x00007fe47fdfff00 mode 1
Event: 35,440 Thread 0x00007fe478016800 DEOPT PACKING pc=0x00007fe469bcca1c sp=0x00007fe47fe00210
Event: 35,440 Thread 0x00007fe478016800 DEOPT UNPACKING pc=0x00007fe469047633 sp=0x00007fe47fe00050 mode 1
Event: 35,440 Thread 0x00007fe478016800 DEOPT PACKING pc=0x00007fe469bcc7bc sp=0x00007fe47fe003a0
Event: 35,440 Thread 0x00007fe478016800 DEOPT UNPACKING pc=0x00007fe469047633 sp=0x00007fe47fe001e0 mode 1
Event: 35,498 Executing VM operation: ParallelGCFailedAllocation


Dynamic libraries:
00400000-00401000 r-xp 00000000 08:06 9839671                            /usr/lib/jvm/java-8-oracle/bin/java
00600000-00601000 rw-p 00000000 08:06 9839671                            /usr/lib/jvm/java-8-oracle/bin/java
015bf000-015e0000 rw-p 00000000 00:00 0                                  [heap]
88600000-8d580000 rw-p 00000000 00:00 0 
8d580000-d8200000 ---p 00000000 00:00 0 
d8200000-e5500000 rw-p 00000000 00:00 0 
ea800000-100000000 ---p 00000000 00:00 0 
100000000-10052a000 rw-p 00000000 00:00 0 
10052a000-140000000 ---p 00000000 00:00 0 
7fe40c000000-7fe40c021000 rw-p 00000000 00:00 0 
7fe40c021000-7fe410000000 ---p 00000000 00:00 0 
7fe410000000-7fe4115cf000 rw-p 00000000 00:00 0 
7fe4115cf000-7fe414000000 ---p 00000000 00:00 0 
7fe414000000-7fe4145eb000 rw-p 00000000 00:00 0 
7fe4145eb000-7fe418000000 ---p 00000000 00:00 0 
7fe41a9d7000-7fe41abd7000 rw-p 00000000 00:00 0 
7fe41abd7000-7fe41add7000 rw-p 00000000 00:00 0 
7fe41add7000-7fe41aded000 r-xp 00000000 08:06 4723205                    /lib/x86_64-linux-gnu/libgcc_s.so.1
7fe41aded000-7fe41afec000 ---p 00016000 08:06 4723205                    /lib/x86_64-linux-gnu/libgcc_s.so.1
7fe41afec000-7fe41afed000 r--p 00015000 08:06 4723205                    /lib/x86_64-linux-gnu/libgcc_s.so.1
7fe41afed000-7fe41afee000 rw-p 00016000 08:06 4723205                    /lib/x86_64-linux-gnu/libgcc_s.so.1
7fe41afee000-7fe41b020000 r-xp 00000000 08:06 10099051                   /usr/lib/jvm/java-8-oracle/jre/lib/amd64/libsunec.so
7fe41b020000-7fe41b21f000 ---p 00032000 08:06 10099051                   /usr/lib/jvm/java-8-oracle/jre/lib/amd64/libsunec.so
7fe41b21f000-7fe41b225000 rw-p 00031000 08:06 10099051                   /usr/lib/jvm/java-8-oracle/jre/lib/amd64/libsunec.so
7fe41b225000-7fe41b435000 rw-p 00000000 00:00 0 
7fe41b4ff000-7fe41b6ff000 rw-p 00000000 00:00 0 
7fe41b6ff000-7fe41b702000 ---p 00000000 00:00 0 
7fe41b702000-7fe41ba00000 rw-p 00000000 00:00 0 
7fe41ba00000-7fe41bc00000 rw-p 00000000 00:00 0 
7fe41bc00000-7fe41be00000 rw-p 00000000 00:00 0 
7fe41be00000-7fe41c000000 rw-p 00000000 00:00 0 
7fe41c000000-7fe41c021000 rw-p 00000000 00:00 0 
7fe41c021000-7fe420000000 ---p 00000000 00:00 0 
7fe420000000-7fe420718000 rw-p 00000000 00:00 0 
7fe420718000-7fe424000000 ---p 00000000 00:00 0 
7fe424000000-7fe42552d000 rw-p 00000000 00:00 0 
7fe42552d000-7fe428000000 ---p 00000000 00:00 0 
7fe428000000-7fe428021000 rw-p 00000000 00:00 0 
7fe428021000-7fe42c000000 ---p 00000000 00:00 0 
7fe42c000000-7fe42fff9000 rw-p 00000000 00:00 0 
7fe42fff9000-7fe430000000 ---p 00000000 00:00 0 
7fe430000000-7fe433ffb000 rw-p 00000000 00:00 0 
7fe433ffb000-7fe434000000 ---p 00000000 00:00 0 
7fe434000000-7fe434091000 rw-p 00000000 00:00 0 
7fe434091000-7fe438000000 ---p 00000000 00:00 0 
7fe438000000-7fe438021000 rw-p 00000000 00:00 0 
7fe438021000-7fe43c000000 ---p 00000000 00:00 0 
7fe43c000000-7fe43c021000 rw-p 00000000 00:00 0 
7fe43c021000-7fe440000000 ---p 00000000 00:00 0 
7fe440000000-7fe440021000 rw-p 00000000 00:00 0 
7fe440021000-7fe444000000 ---p 00000000 00:00 0 
7fe444000000-7fe444021000 rw-p 00000000 00:00 0 
7fe444021000-7fe448000000 ---p 00000000 00:00 0 
7fe448000000-7fe448021000 rw-p 00000000 00:00 0 
7fe448021000-7fe44c000000 ---p 00000000 00:00 0 
7fe44c000000-7fe44c021000 rw-p 00000000 00:00 0 
7fe44c021000-7fe450000000 ---p 00000000 00:00 0 
7fe450000000-7fe45031a000 rw-p 00000000 00:00 0 
7fe45031a000-7fe454000000 ---p 00000000 00:00 0 
7fe454000000-7fe454021000 rw-p 00000000 00:00 0 
7fe454021000-7fe458000000 ---p 00000000 00:00 0 
7fe4580ec000-7fe4580ee000 r--s 00009000 08:06 9969231                    /usr/lib/jvm/java-8-oracle/jre/lib/ext/sunec.jar
7fe4580ee000-7fe4580f1000 r--s 0001a000 08:06 9969306                    /usr/lib/jvm/java-8-oracle/jre/lib/jce.jar
7fe4580f1000-7fe4580f6000 r--s 0009a000 08:06 9969229                    /usr/lib/jvm/java-8-oracle/jre/lib/jsse.jar
7fe4580f6000-7fe45818c000 r--s 0110d000 08:06 9969234                    /usr/lib/jvm/java-8-oracle/jre/lib/ext/jfxrt.jar
7fe45818c000-7fe45838c000 rw-p 00000000 00:00 0 
7fe45838c000-7fe45839d000 r-xp 00000000 08:06 10099102                   /usr/lib/jvm/java-8-oracle/jre/lib/amd64/libnio.so
7fe45839d000-7fe45859c000 ---p 00011000 08:06 10099102                   /usr/lib/jvm/java-8-oracle/jre/lib/amd64/libnio.so
7fe45859c000-7fe45859d000 rw-p 00010000 08:06 10099102                   /usr/lib/jvm/java-8-oracle/jre/lib/amd64/libnio.so
7fe45859d000-7fe45879d000 rw-p 00000000 00:00 0 
7fe45879d000-7fe45899d000 rw-p 00000000 00:00 0 
7fe45899d000-7fe458b9d000 rw-p 00000000 00:00 0 
7fe458b9d000-7fe458d9d000 rw-p 00000000 00:00 0 
7fe458d9d000-7fe458da6000 r-xp 00000000 08:06 10099107                   /usr/lib/jvm/java-8-oracle/jre/lib/amd64/libmanagement.so
7fe458da6000-7fe458fa5000 ---p 00009000 08:06 10099107                   /usr/lib/jvm/java-8-oracle/jre/lib/amd64/libmanagement.so
7fe458fa5000-7fe458fa6000 rw-p 00008000 08:06 10099107                   /usr/lib/jvm/java-8-oracle/jre/lib/amd64/libmanagement.so
7fe458fa6000-7fe458fdb000 r--s 00000000 08:06 7341981                    /var/cache/nscd/hosts
7fe458fdb000-7fe458fde000 ---p 00000000 00:00 0 
7fe458fde000-7fe4593dd000 rw-p 00000000 00:00 0 
7fe4593dd000-7fe4593f3000 r-xp 00000000 08:06 10099099                   /usr/lib/jvm/java-8-oracle/jre/lib/amd64/libnet.so
7fe4593f3000-7fe4595f3000 ---p 00016000 08:06 10099099                   /usr/lib/jvm/java-8-oracle/jre/lib/amd64/libnet.so
7fe4595f3000-7fe4595f4000 rw-p 00016000 08:06 10099099                   /usr/lib/jvm/java-8-oracle/jre/lib/amd64/libnet.so
7fe4595f4000-7fe4597f4000 rw-p 00000000 00:00 0 
7fe4597f4000-7fe4597fe000 r--s 00116000 08:06 9969240                    /usr/lib/jvm/java-8-oracle/jre/lib/ext/localedata.jar
7fe4597fe000-7fe45980a000 r--s 00073000 08:06 3018999                    /home/jorge/.m2/repository/commons-collections/commons-collections/3.0/commons-collections-3.0.jar
7fe45980a000-7fe45980e000 r--s 00035000 08:06 3146496                    /home/jorge/.m2/repository/org/codehaus/jackson/jackson-core-asl/1.9.13/jackson-core-asl-1.9.13.jar
7fe45980e000-7fe45981c000 r--s 000b1000 08:06 3146559                    /home/jorge/.m2/repository/org/codehaus/jackson/jackson-mapper-asl/1.9.13/jackson-mapper-asl-1.9.13.jar
7fe45981c000-7fe459825000 r--s 0002d000 08:06 3932903                    /home/jorge/.m2/repository/xml-apis/xml-apis/1.4.01/xml-apis-1.4.01.jar
7fe459825000-7fe45983e000 r--s 00135000 08:06 4064596                    /home/jorge/.m2/repository/xerces/xercesImpl/2.11.0/xercesImpl-2.11.0.jar
7fe45983e000-7fe459863000 r--s 002de000 08:06 4064554                    /home/jorge/.m2/repository/xalan/xalan/2.7.2/xalan-2.7.2.jar
7fe459863000-7fe459867000 r--s 00040000 08:06 4064556                    /home/jorge/.m2/repository/xalan/serializer/2.7.2/serializer-2.7.2.jar
7fe459867000-7fe45986c000 r--s 0002c000 08:06 4064584                    /home/jorge/.m2/repository/org/eclipse/jetty/websocket/websocket-common/9.4.3.v20170317/websocket-common-9.4.3.v20170317.jar
7fe45986c000-7fe459870000 r--s 00025000 08:06 4064555                    /home/jorge/.m2/repository/org/eclipse/jetty/jetty-http/9.4.6.v20170531/jetty-http-9.4.6.v20170531.jar
7fe459870000-7fe459876000 r--s 0003c000 08:06 4064568                    /home/jorge/.m2/repository/org/eclipse/jetty/jetty-client/9.4.6.v20170531/jetty-client-9.4.6.v20170531.jar
7fe459876000-7fe459878000 r--s 00007000 08:06 4064583                    /home/jorge/.m2/repository/org/eclipse/jetty/websocket/websocket-client/9.4.6.v20170531/websocket-client-9.4.6.v20170531.jar
7fe459878000-7fe45987b000 r--s 00008000 08:06 4064537                    /home/jorge/.m2/repository/org/eclipse/jetty/websocket/websocket-api/9.4.3.v20170317/websocket-api-9.4.3.v20170317.jar
7fe45987b000-7fe45987e000 r--s 00015000 08:06 3146475                    /home/jorge/.m2/repository/javax/servlet/javax.servlet-api/3.1.0/javax.servlet-api-3.1.0.jar
7fe45987e000-7fe459880000 r--s 0000e000 08:06 4064536                    /home/jorge/.m2/repository/org/seleniumhq/selenium/htmlunit-driver/2.21/htmlunit-driver-2.21.jar
7fe459880000-7fe459881000 r--s 00002000 08:06 4064567                    /home/jorge/.m2/repository/com/codeborne/phantomjsdriver/1.4.0/phantomjsdriver-1.4.0.jar
7fe459881000-7fe459892000 r--s 00155000 08:06 4064582                    /home/jorge/.m2/repository/net/java/dev/jna/jna-platform/4.1.0/jna-platform-4.1.0.jar
7fe459892000-7fe459896000 r--s 00112000 08:06 4064587                    /home/jorge/.m2/repository/net/java/dev/jna/jna/4.2.2/jna-4.2.2.jar
7fe459896000-7fe45989d000 r--s 00069000 08:06 4064594                    /home/jorge/.m2/repository/org/eclipse/jetty/jetty-util/9.4.6.v20170531/jetty-util-9.4.6.v20170531.jar
7fe45989d000-7fe4598a0000 r--s 0001d000 08:06 4064600                    /home/jorge/.m2/repository/org/eclipse/jetty/jetty-io/9.4.6.v20170531/jetty-io-9.4.6.v20170531.jar
7fe4598a0000-7fe4598a2000 r--s 00009000 08:06 3932874                    /home/jorge/.m2/repository/org/apache/httpcomponents/httpmime/4.5.3/httpmime-4.5.3.jar
7fe4598a2000-7fe4598aa000 r--s 00048000 08:06 3017912                    /home/jorge/.m2/repository/org/apache/httpcomponents/httpcore/4.4.6/httpcore-4.4.6.jar
7fe4598aa000-7fe4598ad000 r--s 0001d000 08:06 4064572                    /home/jorge/.m2/repository/net/sourceforge/htmlunit/neko-htmlunit/2.25/neko-htmlunit-2.25.jar
7fe4598ad000-7fe4598bb000 r--s 0011b000 08:06 4064571                    /home/jorge/.m2/repository/net/sourceforge/htmlunit/htmlunit-core-js/2.26/htmlunit-core-js-2.26.jar
7fe4598bb000-7fe4598e1000 r--s 001a1000 08:06 4064549                    /home/jorge/.m2/repository/net/sourceforge/htmlunit/htmlunit/2.21/htmlunit-2.21.jar
7fe4598e1000-7fe4598e5000 r--s 0005a000 08:06 3809397                    /home/jorge/.m2/repository/net/sourceforge/cssparser/cssparser/0.9.22/cssparser-0.9.22.jar
7fe4598e5000-7fe4598e6000 r--s 00003000 08:06 4064564                    /home/jorge/.m2/repository/org/w3c/css/sac/1.3/sac-1.3.jar
7fe4598e6000-7fe4598e8000 r--s 0000e000 08:06 3017906                    /home/jorge/.m2/repository/commons-logging/commons-logging/1.2/commons-logging-1.2.jar
7fe4598e8000-7fe4598ec000 r--s 0002f000 08:06 3277636                    /home/jorge/.m2/repository/commons-io/commons-io/2.5/commons-io-2.5.jar
7fe4598ec000-7fe4598f3000 r--s 0003f000 08:06 3017910                    /home/jorge/.m2/repository/commons-codec/commons-codec/1.10/commons-codec-1.10.jar
7fe4598f3000-7fe4598fb000 r--s 0006e000 08:06 3018965                    /home/jorge/.m2/repository/org/apache/commons/commons-lang3/3.5/commons-lang3-3.5.jar
7fe4598fb000-7fe4598fd000 r--s 0000c000 08:06 4064558                    /home/jorge/.m2/repository/org/apache/commons/commons-exec/1.3/commons-exec-1.3.jar
7fe4598fd000-7fe459904000 r--s 0004f000 08:06 4064524                    /home/jorge/.m2/repository/cglib/cglib-nodep/3.2.4/cglib-nodep-3.2.4.jar
7fe459904000-7fe459909000 r--s 00025000 08:06 4064522                    /home/jorge/.m2/repository/org/seleniumhq/selenium/selenium-support/2.53.1/selenium-support-2.53.1.jar
7fe459909000-7fe45991f000 r--s 000f9000 08:06 3149485                    /home/jorge/.m2/repository/io/netty/netty/3.5.7.Final/netty-3.5.7.Final.jar
7fe45991f000-7fe459921000 r--s 00014000 08:06 4064540                    /home/jorge/.m2/repository/org/seleniumhq/selenium/selenium-safari-driver/2.53.1/selenium-safari-driver-2.53.1.jar
7fe459921000-7fe459926000 r--s 00035000 08:06 4064543                    /home/jorge/.m2/repository/org/seleniumhq/selenium/selenium-remote-driver/2.53.1/selenium-remote-driver-2.53.1.jar
7fe459926000-7fe459927000 r--s 00001000 08:06 4064552                    /home/jorge/.m2/repository/org/seleniumhq/selenium/selenium-opera-driver/3.4.0/selenium-opera-driver-3.4.0.jar
7fe459927000-7fe459928000 r--s 00002000 08:06 4064539                    /home/jorge/.m2/repository/org/seleniumhq/selenium/selenium-ie-driver/2.53.1/selenium-ie-driver-2.53.1.jar
7fe459928000-7fe45992a000 r--s 000c7000 08:06 4064542                    /home/jorge/.m2/repository/org/seleniumhq/selenium/selenium-firefox-driver/2.53.1/selenium-firefox-driver-2.53.1.jar
7fe45992a000-7fe45992c000 r--s 00000000 08:06 4064530                    /home/jorge/.m2/repository/org/seleniumhq/selenium/selenium-edge-driver/3.4.0/selenium-edge-driver-3.4.0.jar
7fe45992c000-7fe45992d000 r--s 00002000 08:06 4064528                    /home/jorge/.m2/repository/org/seleniumhq/selenium/selenium-chrome-driver/2.53.1/selenium-chrome-driver-2.53.1.jar
7fe45992d000-7fe459932000 r--s 0001f000 08:06 4064531                    /home/jorge/.m2/repository/org/seleniumhq/selenium/selenium-api/2.53.1/selenium-api-2.53.1.jar
7fe459932000-7fe459938000 r--s 00047000 08:06 4065483                    /home/jorge/.m2/repository/org/jsoup/jsoup/1.8.3/jsoup-1.8.3.jar
7fe459938000-7fe459940000 r--s 0002d000 08:06 4065441                    /home/jorge/.m2/repository/org/opengis/geoapi/3.0.0/geoapi-3.0.0.jar
7fe459940000-7fe45994c000 r--s 00092000 08:06 4065437                    /home/jorge/.m2/repository/org/apache/sis/core/sis-utility/0.6/sis-utility-0.6.jar
7fe45994c000-7fe45994e000 r--s 00007000 08:06 3809480                    /home/jorge/.m2/repository/org/apache/commons/commons-csv/1.0/commons-csv-1.0.jar
7fe45994e000-7fe45994f000 r--s 00000000 08:06 4064520                    /home/jorge/.m2/repository/org/seleniumhq/selenium/selenium-java/3.4.0/selenium-java-3.4.0.jar
7fe45994f000-7fe459954000 r--s 0003b000 08:06 4065468                    /home/jorge/.m2/repository/javax/measure/jsr-275/0.9.3/jsr-275-0.9.3.jar
7fe459954000-7fe459960000 r--s 0007a000 08:06 4065470                    /home/jorge/.m2/repository/org/apache/sis/core/sis-metadata/0.6/sis-metadata-0.6.jar
7fe459960000-7fe45996a000 r--s 0008c000 08:06 4065466                    /home/jorge/.m2/repository/org/apache/sis/core/sis-referencing/0.6/sis-referencing-0.6.jar
7fe45996a000-7fe45996d000 r--s 0000f000 08:06 4065463                    /home/jorge/.m2/repository/org/apache/sis/storage/sis-storage/0.6/sis-storage-0.6.jar
7fe45996d000-7fe45996f000 r--s 0000c000 08:06 4065442                    /home/jorge/.m2/repository/org/apache/sis/storage/sis-netcdf/0.6/sis-netcdf-0.6.jar
7fe45996f000-7fe459971000 r--s 0000e000 08:06 4065443                    /home/jorge/.m2/repository/edu/ucar/httpservices/4.5.5/httpservices-4.5.5.jar
7fe459971000-7fe459973000 r--s 0000d000 08:06 3935202                    /home/jorge/.m2/repository/com/beust/jcommander/1.35/jcommander-1.35.jar
7fe459973000-7fe45998e000 r--s 0012c000 08:06 3541312                    /home/jorge/.m2/repository/net/sf/ehcache/ehcache-core/2.6.2/ehcache-core-2.6.2.jar
7fe45998e000-7fe459999000 r--s 0008a000 08:06 4065452                    /home/jorge/.m2/repository/c3p0/c3p0/0.9.1.1/c3p0-0.9.1.1.jar
7fe459999000-7fe4599a3000 r--s 00096000 08:06 4065448                    /home/jorge/.m2/repository/org/quartz-scheduler/quartz/2.2.0/quartz-2.2.0.jar
7fe4599a3000-7fe4599b4000 r--s 0008a000 08:06 4065450                    /home/jorge/.m2/repository/joda-time/joda-time/2.9.9/joda-time-2.9.9.jar
7fe4599b4000-7fe4599b7000 r--s 0001c000 08:06 4065444                    /home/jorge/.m2/repository/edu/ucar/udunits/4.5.5/udunits-4.5.5.jar
7fe4599b7000-7fe4599e5000 r--s 003cf000 08:06 4065430                    /home/jorge/.m2/repository/edu/ucar/cdm/4.5.5/cdm-4.5.5.jar
7fe4599e5000-7fe4599e7000 r--s 0000b000 08:06 4065456                    /home/jorge/.m2/repository/org/itadaki/bzip2/0.9.1/bzip2-0.9.1.jar
7fe4599e7000-7fe4599ee000 r--s 0007b000 08:06 4065435                    /home/jorge/.m2/repository/edu/ucar/jj2000/5.2/jj2000-5.2.jar
7fe4599ee000-7fe4599f4000 r--s 00045000 08:06 4065446                    /home/jorge/.m2/repository/org/jdom/jdom2/2.0.6/jdom2-2.0.6.jar
7fe4599f4000-7fe4599fc000 r--s 0007b000 08:06 3278866                    /home/jorge/.m2/repository/com/google/protobuf/protobuf-java/2.5.0/protobuf-java-2.5.0.jar
7fe4599fc000-7fe459a0d000 r--s 004d3000 08:06 4065434                    /home/jorge/.m2/repository/edu/ucar/grib/4.5.5/grib-4.5.5.jar
7fe459a0d000-7fe459a0e000 r--s 00000000 08:06 4065458                    /home/jorge/.m2/repository/net/jcip/jcip-annotations/1.0/jcip-annotations-1.0.jar
7fe459a0e000-7fe459a10000 r--s 0000e000 08:06 4065428                    /home/jorge/.m2/repository/edu/ucar/netcdf4/4.5.5/netcdf4-4.5.5.jar
7fe459a10000-7fe459a11000 r--s 0000f000 08:06 4065426                    /home/jorge/.m2/repository/org/json/json/20140107/json-20140107.jar
7fe459a11000-7fe459a12000 r--s 00005000 08:06 4065424                    /home/jorge/.m2/repository/com/googlecode/json-simple/json-simple/1.1.1/json-simple-1.1.1.jar
7fe459a12000-7fe459a17000 r--s 00025000 08:06 4065422                    /home/jorge/.m2/repository/net/sf/jwordnet/jwnl/1.3.3/jwnl-1.3.3.jar
7fe459a17000-7fe459a1a000 r--s 0001d000 08:06 4065420                    /home/jorge/.m2/repository/org/apache/opennlp/opennlp-maxent/3.0.3/opennlp-maxent-3.0.3.jar
7fe459a1a000-7fe459a2a000 r--s 000b9000 08:06 4065405                    /home/jorge/.m2/repository/org/apache/opennlp/opennlp-tools/1.5.3/opennlp-tools-1.5.3.jar
7fe459a2a000-7fe459a2c000 r--s 00005000 08:06 4065416                    /home/jorge/.m2/repository/javax/annotation/javax.annotation-api/1.2/javax.annotation-api-1.2.jar
7fe459a2c000-7fe459a30000 r--s 00019000 08:06 3672307                    /home/jorge/.m2/repository/javax/ws/rs/javax.ws.rs-api/2.0.1/javax.ws.rs-api-2.0.1.jar
7fe459a30000-7fe459a38000 r--s 00087000 08:06 4065414                    /home/jorge/.m2/repository/org/apache/cxf/cxf-rt-frontend-jaxrs/3.0.3/cxf-rt-frontend-jaxrs-3.0.3.jar
7fe459a38000-7fe459a3d000 r--s 00024000 08:06 4065412                    /home/jorge/.m2/repository/org/apache/ws/xmlschema/xmlschema-core/2.1.0/xmlschema-core-2.1.0.jar
7fe459a3d000-7fe459a41000 r--s 00024000 08:06 3146418                    /home/jorge/.m2/repository/org/codehaus/woodstox/stax2-api/3.1.4/stax2-api-3.1.4.jar
7fe459a41000-7fe459a47000 r--s 00071000 08:06 3146390                    /home/jorge/.m2/repository/org/codehaus/woodstox/woodstox-core-asl/4.4.1/woodstox-core-asl-4.4.1.jar
7fe459a47000-7fe459a5e000 r--s 0012e000 08:06 4065410                    /home/jorge/.m2/repository/org/apache/cxf/cxf-core/3.0.3/cxf-core-3.0.3.jar
7fe459a5e000-7fe459a63000 r--s 0003b000 08:06 4065418                    /home/jorge/.m2/repository/org/apache/cxf/cxf-rt-transports-http/3.0.3/cxf-rt-transports-http-3.0.3.jar
7fe459a63000-7fe459a66000 r--s 00022000 08:06 4065398                    /home/jorge/.m2/repository/org/apache/cxf/cxf-rt-rs-client/3.0.3/cxf-rt-rs-client-3.0.3.jar
7fe459a66000-7fe459a68000 r--s 00005000 08:06 4065404                    /home/jorge/.m2/repository/regexp/regexp/1.3/regexp-1.3.jar
7fe459a68000-7fe459a6a000 r--s 00008000 08:06 4065403                    /home/jorge/.m2/repository/org/apache/maven/scm/maven-scm-provider-svn-commons/1.4/maven-scm-provider-svn-commons-1.4.jar
7fe459a6a000-7fe459a6d000 r--s 0000f000 08:06 4065401                    /home/jorge/.m2/repository/org/apache/maven/scm/maven-scm-provider-svnexe/1.4/maven-scm-provider-svnexe-1.4.jar
7fe459a6d000-7fe459a72000 r--s 00039000 08:06 3148464                    /home/jorge/.m2/repository/org/codehaus/plexus/plexus-utils/1.5.6/plexus-utils-1.5.6.jar
7fe459a72000-7fe459a76000 r--s 00014000 08:06 4065408                    /home/jorge/.m2/repository/org/apache/maven/scm/maven-scm-api/1.4/maven-scm-api-1.4.jar
7fe459a76000-7fe459a7f000 r--s 0005d000 08:06 4065396                    /home/jorge/.m2/repository/org/apache/commons/commons-vfs2/2.0/commons-vfs2-2.0.jar
7fe459a7f000-7fe459a80000 r--s 0000a000 08:06 3147444                    /home/jorge/.m2/repository/commons-logging/commons-logging-api/1.1/commons-logging-api-1.1.jar
7fe459a80000-7fe459a83000 r--s 00023000 08:06 4065394                    /home/jorge/.m2/repository/com/github/junrar/junrar/0.7/junrar-0.7.jar
7fe459a83000-7fe459a84000 r--s 00014000 08:06 4065392                    /home/jorge/.m2/repository/com/pff/java-libpst/0.8.1/java-libpst-0.8.1.jar
7fe459a84000-7fe459a89000 r--s 00035000 08:06 4065390                    /home/jorge/.m2/repository/org/codelibs/jhighlight/1.0.2/jhighlight-1.0.2.jar
7fe459a89000-7fe459a8c000 r--s 00033000 08:06 4065388                    /home/jorge/.m2/repository/com/googlecode/juniversalchardet/juniversalchardet/1.0.3/juniversalchardet-1.0.3.jar
7fe459a8c000-7fe459a8f000 r--s 0001b000 08:06 4065386                    /home/jorge/.m2/repository/org/gagravarr/vorbis-java-core/0.8/vorbis-java-core-0.8.jar
7fe459a8f000-7fe459a90000 r--s 00001000 08:06 4065384                    /home/jorge/.m2/repository/com/rometools/rome-utils/1.5.1/rome-utils-1.5.1.jar
7fe459a90000-7fe459a94000 r--s 00038000 08:06 4065382                    /home/jorge/.m2/repository/com/rometools/rome/1.5.1/rome-1.5.1.jar
7fe459a94000-7fe459a97000 r--s 00014000 08:06 4065380                    /home/jorge/.m2/repository/de/l3s/boilerpipe/boilerpipe/1.1.0/boilerpipe-1.1.0.jar
7fe459a97000-7fe459a99000 r--s 0001b000 08:06 4065378                    /home/jorge/.m2/repository/com/adobe/xmp/xmpcore/5.1.2/xmpcore-5.1.2.jar
7fe459a99000-7fe459a9f000 r--s 00057000 08:06 4065376                    /home/jorge/.m2/repository/com/drewnoakes/metadata-extractor/2.9.1/metadata-extractor-2.9.1.jar
7fe459a9f000-7fe459ab2000 r--s 000f0000 08:06 3935191                    /home/jorge/.m2/repository/com/googlecode/mp4parser/isoparser/1.1.18/isoparser-1.1.18.jar
7fe459ab2000-7fe459ab4000 r--s 0000c000 08:06 3018504                    /home/jorge/.m2/repository/org/ow2/asm/asm/5.0.4/asm-5.0.4.jar
7fe459ab4000-7fe459ab6000 r--s 00015000 08:06 3932876                    /home/jorge/.m2/repository/org/ccil/cowan/tagsoup/tagsoup/1.2.1/tagsoup-1.2.1.jar
7fe459ab6000-7fe459aba000 r--s 00015000 08:06 3678555                    /home/jorge/.m2/repository/com/github/virtuald/curvesapi/1.04/curvesapi-1.04.jar
7fe459aba000-7fe459af8000 r--s 0025d000 08:06 4065374                    /home/jorge/.m2/repository/org/apache/xmlbeans/xmlbeans/2.6.0/xmlbeans-2.6.0.jar
7fe459af8000-7fe459bb2000 r--s 004dd000 08:06 4065370                    /home/jorge/.m2/repository/org/apache/poi/poi-ooxml-schemas/3.15/poi-ooxml-schemas-3.15.jar
7fe459bb2000-7fe459bc3000 r--s 00136000 08:06 4065367                    /home/jorge/.m2/repository/org/apache/poi/poi-ooxml/3.15/poi-ooxml-3.15.jar
7fe459bc3000-7fe459bd5000 r--s 00132000 08:06 4065368                    /home/jorge/.m2/repository/org/apache/poi/poi-scratchpad/3.15/poi-scratchpad-3.15.jar
7fe459bd5000-7fe459be5000 r--s 000a8000 08:06 3410451                    /home/jorge/.m2/repository/org/apache/commons/commons-collections4/4.1/commons-collections4-4.1.jar
7fe459be5000-7fe459c0f000 r--s 0024c000 08:06 4065372                    /home/jorge/.m2/repository/org/apache/poi/poi/3.15/poi-3.15.jar
7fe459c0f000-7fe459c57000 r--s 002d9000 08:06 3278862                    /home/jorge/.m2/repository/org/bouncycastle/bcprov-jdk15on/1.54/bcprov-jdk15on-1.54.jar
7fe459c57000-7fe459c59000 r--s 00017000 08:06 3149496                    /home/jorge/.m2/repository/org/bouncycastle/bcmail-jdk15on/1.54/bcmail-jdk15on-1.54.jar
7fe459c59000-7fe459c5b000 r--s 0000b000 08:06 4065364                    /home/jorge/.m2/repository/org/apache/pdfbox/jempbox/1.8.12/jempbox-1.8.12.jar
7fe459c5b000-7fe459c60000 r--s 00033000 08:06 4065362                    /home/jorge/.m2/repository/org/apache/pdfbox/pdfbox-debugger/2.0.3/pdfbox-debugger-2.0.3.jar
7fe459c60000-7fe459c62000 r--s 00010000 08:06 4065360                    /home/jorge/.m2/repository/org/apache/pdfbox/pdfbox-tools/2.0.3/pdfbox-tools-2.0.3.jar
7fe459c62000-7fe459c68000 r--s 00163000 08:06 4065358                    /home/jorge/.m2/repository/org/apache/pdfbox/fontbox/2.0.3/fontbox-2.0.3.jar
7fe459c68000-7fe459c7e000 r--s 0023f000 08:06 4065357                    /home/jorge/.m2/repository/org/apache/pdfbox/pdfbox/2.0.3/pdfbox-2.0.3.jar
7fe459c7e000-7fe459c82000 r--s 00015000 08:06 4065350                    /home/jorge/.m2/repository/org/tukaani/xz/1.5/xz-1.5.jar
7fe459c82000-7fe459c8b000 r--s 00064000 08:06 3278860                    /home/jorge/.m2/repository/org/apache/commons/commons-compress/1.12/commons-compress-1.12.jar
7fe459c8b000-7fe459c92000 r--s 00044000 08:06 4065352                    /home/jorge/.m2/repository/org/apache/james/apache-mime4j-dom/0.7.2/apache-mime4j-dom-0.7.2.jar
7fe459c92000-7fe459c95000 r--s 00015000 08:06 4065354                    /home/jorge/.m2/repository/org/apache/james/apache-mime4j-core/0.7.2/apache-mime4j-core-0.7.2.jar
7fe459c95000-7fe459c97000 r--s 00010000 08:06 4065348                    /home/jorge/.m2/repository/org/tallison/jmatio/1.2/jmatio-1.2.jar
7fe459c97000-7fe459c9a000 r--s 00012000 08:06 4065344                    /home/jorge/.m2/repository/com/healthmarketscience/jackcess/jackcess-encrypt/2.1.1/jackcess-encrypt-2.1.1.jar
7fe459c9a000-7fe459ca5000 r--s 000be000 08:06 4065342                    /home/jorge/.m2/repository/com/healthmarketscience/jackcess/jackcess/2.1.4/jackcess-2.1.4.jar
7fe459ca5000-7fe459ca7000 r--s 00005000 08:06 4065338                    /home/jorge/.m2/repository/org/gagravarr/vorbis-java-tika/0.8/vorbis-java-tika-0.8.jar
7fe459ca7000-7fe459cb0000 r--s 0008f000 08:06 4065336                    /home/jorge/.m2/repository/org/apache/tika/tika-core/1.14/tika-core-1.14.jar
7fe459cb0000-7fe459cbd000 r--s 000c9000 08:06 4065333                    /home/jorge/.m2/repository/org/apache/tika/tika-parsers/1.14/tika-parsers-1.14.jar
7fe459cbd000-7fe459cdf000 r--s 00253000 08:06 4065334                    /home/jorge/.m2/repository/com/sleepycat/je/5.0.84/je-5.0.84.jar
7fe459cdf000-7fe459cec000 r--s 000aa000 08:06 3932872                    /home/jorge/.m2/repository/org/apache/httpcomponents/httpclient/4.5.3/httpclient-4.5.3.jar
7fe459cec000-7fe459d17000 r--s 001fc000 08:06 3017352                    /home/jorge/.m2/repository/com/google/guava/guava/18.0/guava-18.0.jar
7fe459d17000-7fe459d22000 r--s 0006a000 08:06 3017928                    /home/jorge/.m2/repository/ch/qos/logback/logback-core/1.1.11/logback-core-1.1.11.jar
7fe459d22000-7fe459d29000 r--s 00045000 08:06 3017927                    /home/jorge/.m2/repository/ch/qos/logback/logback-classic/1.1.11/logback-classic-1.1.11.jar
7fe459d29000-7fe459d2b000 r--s 00009000 08:06 4064195                    /home/jorge/.m2/repository/org/slf4j/slf4j-api/1.7.25/slf4j-api-1.7.25.jar
7fe459d2b000-7fe459d2e000 r--s 00022000 08:06 4065330                    /home/jorge/.m2/repository/edu/uci/ics/crawler4j/4.3/crawler4j-4.3.jar
7fe459d2e000-7fe459d33000 r--s 00034000 08:06 4064286                    /home/jorge/.m2/repository/com/google/code/gson/gson/2.8.1/gson-2.8.1.jar
7fe459d33000-7fe459d41000 r--s 00085000 08:06 4463449                    /home/jorge/.m2/repository/org/springframework/spring-test/4.3.11.RELEASE/spring-test-4.3.11.RELEASE.jar
7fe459d41000-7fe459d58000 r--s 000fc000 08:06 4463466                    /home/jorge/.m2/repository/org/springframework/spring-core/4.3.11.RELEASE/spring-core-4.3.11.RELEASE.jar
7fe459d58000-7fe459d59000 r--s 00004000 08:06 3017999                    /home/jorge/.m2/repository/com/vaadin/external/google/android-json/0.0.20131108.vaadin1/android-json-0.0.20131108.vaadin1.jar
7fe459d59000-7fe459d5b000 r--s 00006000 08:06 3017987                    /home/jorge/.m2/repository/org/skyscreamer/jsonassert/1.4.0/jsonassert-1.4.0.jar
7fe459d5b000-7fe459d5c000 r--s 0000c000 08:06 3017982                    /home/jorge/.m2/repository/org/hamcrest/hamcrest-library/1.3/hamcrest-library-1.3.jar
7fe459d5c000-7fe459d5e000 r--s 00009000 08:06 3017319                    /home/jorge/.m2/repository/org/hamcrest/hamcrest-core/1.3/hamcrest-core-1.3.jar
7fe459d5e000-7fe459d60000 r--s 00009000 08:06 3017994                    /home/jorge/.m2/repository/org/objenesis/objenesis/2.1/objenesis-2.1.jar
7fe459d60000-7fe459d7c000 r--s 00103000 08:06 3017948                    /home/jorge/.m2/repository/org/mockito/mockito-core/1.10.19/mockito-core-1.10.19.jar
7fe459d7c000-7fe459d90000 r--s 000dc000 08:06 3017923                    /home/jorge/.m2/repository/org/assertj/assertj-core/2.6.0/assertj-core-2.6.0.jar
7fe459d90000-7fe459d98000 r--s 00045000 08:06 3017304                    /home/jorge/.m2/repository/junit/junit/4.12/junit-4.12.jar
7fe459d98000-7fe459d9a000 r--s 00012000 08:06 3017934                    /home/jorge/.m2/repository/net/minidev/accessors-smart/1.1/accessors-smart-1.1.jar
7fe459d9a000-7fe459d9d000 r--s 0001b000 08:06 3017941                    /home/jorge/.m2/repository/net/minidev/json-smart/2.2.1/json-smart-2.2.1.jar
7fe459d9d000-7fe459da2000 r--s 0002e000 08:06 3017984                    /home/jorge/.m2/repository/com/jayway/jsonpath/json-path/2.2.0/json-path-2.2.0.jar
7fe459da2000-7fe459da7000 r--s 00019000 08:06 4463498                    /home/jorge/.m2/repository/org/springframework/boot/spring-boot-test-autoconfigure/1.5.7.RELEASE/spring-boot-test-autoconfigure-1.5.7.RELEASE.jar
7fe459da7000-7fe459dab000 r--s 00020000 08:06 4463500                    /home/jorge/.m2/repository/org/springframework/boot/spring-boot-test/1.5.7.RELEASE/spring-boot-test-1.5.7.RELEASE.jar
7fe459dab000-7fe459dac000 r--s 00000000 08:06 4463473                    /home/jorge/.m2/repository/org/springframework/boot/spring-boot-starter-test/1.5.7.RELEASE/spring-boot-starter-test-1.5.7.RELEASE.jar
7fe459dac000-7fe459dc1000 r--s 0014b000 08:06 4064242                    /home/jorge/.m2/repository/org/projectlombok/lombok/1.16.18/lombok-1.16.18.jar
7fe459dc1000-7fe459de1000 r--s 000e6000 08:06 4463476                    /home/jorge/.m2/repository/org/springframework/boot/spring-boot-autoconfigure/1.5.7.RELEASE/spring-boot-autoconfigure-1.5.7.RELEASE.jar
7fe459de1000-7fe459df1000 r--s 00095000 08:06 4463465                    /home/jorge/.m2/repository/org/springframework/boot/spring-boot/1.5.7.RELEASE/spring-boot-1.5.7.RELEASE.jar
7fe459df1000-7fe459df7000 r--s 0002f000 08:06 4463486                    /home/jorge/.m2/repository/org/springframework/boot/spring-boot-devtools/1.5.7.RELEASE/spring-boot-devtools-1.5.7.RELEASE.jar
7fe459df7000-7fe459e43000 r--s 0040e000 08:06 3541318                    /home/jorge/.m2/repository/org/codehaus/groovy/groovy/2.4.12/groovy-2.4.12.jar
7fe459e43000-7fe459e46000 r--s 0001a000 08:06 3408204                    /home/jorge/.m2/repository/nz/net/ultraq/thymeleaf/thymeleaf-layout-dialect/1.4.0/thymeleaf-layout-dialect-1.4.0.jar
7fe459e46000-7fe459e49000 r--s 00020000 08:06 3018030                    /home/jorge/.m2/repository/org/unbescape/unbescape/1.1.0.RELEASE/unbescape-1.1.0.RELEASE.jar
7fe459e49000-7fe459e53000 r--s 000aa000 08:06 3017302                    /home/jorge/.m2/repository/org/javassist/javassist/3.21.0-GA/javassist-3.21.0-GA.jar
7fe459e53000-7fe459e56000 r--s 00035000 08:06 3018029                    /home/jorge/.m2/repository/ognl/ognl/3.0.8/ognl-3.0.8.jar
7fe459e56000-7fe459e63000 r--s 000b7000 08:06 3018024                    /home/jorge/.m2/repository/org/thymeleaf/thymeleaf/2.1.5.RELEASE/thymeleaf-2.1.5.RELEASE.jar
7fe459e63000-7fe459e66000 r--s 00034000 08:06 3408216                    /home/jorge/.m2/repository/org/thymeleaf/thymeleaf-spring4/2.1.5.RELEASE/thymeleaf-spring4-2.1.5.RELEASE.jar
7fe459e66000-7fe459e77000 r--s 000cf000 08:06 4463472                    /home/jorge/.m2/repository/org/springframework/spring-webmvc/4.3.11.RELEASE/spring-webmvc-4.3.11.RELEASE.jar
7fe459e77000-7fe459e79000 r--s 0000e000 08:06 4460322                    /home/jorge/.m2/repository/com/fasterxml/classmate/1.3.4/classmate-1.3.4.jar
7fe459e79000-7fe459e7c000 r--s 0000e000 08:06 4064238                    /home/jorge/.m2/repository/org/jboss/logging/jboss-logging/3.3.1.Final/jboss-logging-3.3.1.Final.jar
7fe459e7c000-7fe459e80000 r--s 0000c000 08:06 3017950                    /home/jorge/.m2/repository/javax/validation/validation-api/1.1.0.Final/validation-api-1.1.0.Final.jar
7fe459e80000-7fe459e91000 r--s 000a1000 08:06 4065776                    /home/jorge/.m2/repository/org/hibernate/hibernate-validator/5.3.5.Final/hibernate-validator-5.3.5.Final.jar
7fe459e91000-7fe459e96000 r--s 00038000 08:06 4064741                    /home/jorge/.m2/repository/org/apache/tomcat/embed/tomcat-embed-websocket/8.5.20/tomcat-embed-websocket-8.5.20.jar
7fe459e96000-7fe459e9b000 r--s 00036000 08:06 4463451                    /home/jorge/.m2/repository/org/apache/tomcat/embed/tomcat-embed-el/8.5.20/tomcat-embed-el-8.5.20.jar
7fe459e9b000-7fe459ec5000 r--s 002c4000 08:06 4064739                    /home/jorge/.m2/repository/org/apache/tomcat/embed/tomcat-embed-core/8.5.20/tomcat-embed-core-8.5.20.jar
7fe459ec5000-7fe459ec6000 r--s 00000000 08:06 4463481                    /home/jorge/.m2/repository/org/springframework/boot/spring-boot-starter-tomcat/1.5.7.RELEASE/spring-boot-starter-tomcat-1.5.7.RELEASE.jar
7fe459ec6000-7fe459ec7000 r--s 00000000 08:06 4463479                    /home/jorge/.m2/repository/org/springframework/boot/spring-boot-starter-web/1.5.7.RELEASE/spring-boot-starter-web-1.5.7.RELEASE.jar
7fe459ec7000-7fe459ec8000 r--s 00000000 08:06 4463461                    /home/jorge/.m2/repository/org/springframework/boot/spring-boot-starter-thymeleaf/1.5.7.RELEASE/spring-boot-starter-thymeleaf-1.5.7.RELEASE.jar
7fe459ec8000-7fe459eda000 r--s 0011e000 08:06 4460315                    /home/jorge/.m2/repository/com/fasterxml/jackson/core/jackson-databind/2.8.10/jackson-databind-2.8.10.jar
7fe459eda000-7fe459ede000 r--s 00042000 08:06 4460258                    /home/jorge/.m2/repository/com/fasterxml/jackson/core/jackson-core/2.8.10/jackson-core-2.8.10.jar
7fe459ede000-7fe459ee1000 r--s 0000b000 08:06 3408215                    /home/jorge/.m2/repository/com/fasterxml/jackson/core/jackson-annotations/2.8.0/jackson-annotations-2.8.0.jar
7fe459ee1000-7fe459ee8000 r--s 00050000 08:06 3018513                    /home/jorge/.m2/repository/commons-configuration/commons-configuration/1.8/commons-configuration-1.8.jar
7fe459ee8000-7fe459ee9000 r--s 00000000 08:06 4460214                    /home/jorge/.m2/repository/org/springframework/cloud/spring-cloud-starter-archaius/1.3.5.RELEASE/spring-cloud-starter-archaius-1.3.5.RELEASE.jar
7fe459ee9000-7fe459f01000 r--s 000fd000 08:06 3018498                    /home/jorge/.m2/repository/io/reactivex/rxjava/1.1.10/rxjava-1.1.10.jar
7fe459f01000-7fe459f03000 r--s 00002000 08:06 3146451                    /home/jorge/.m2/repository/com/netflix/netflix-commons/netflix-statistics/0.1.1/netflix-statistics-0.1.1.jar
7fe459f03000-7fe459f07000 r--s 00024000 08:06 4460243                    /home/jorge/.m2/repository/com/netflix/ribbon/ribbon-loadbalancer/2.2.2/ribbon-loadbalancer-2.2.2.jar
7fe459f07000-7fe459f08000 r--s 00001000 08:06 3146395                    /home/jorge/.m2/repository/com/netflix/netflix-commons/netflix-commons-util/0.1.1/netflix-commons-util-0.1.1.jar
7fe459f08000-7fe459f0c000 r--s 00027000 08:06 3018564                    /home/jorge/.m2/repository/com/netflix/servo/servo-internal/0.10.1/servo-internal-0.10.1.jar
7fe459f0c000-7fe459f11000 r--s 00032000 08:06 3018526                    /home/jorge/.m2/repository/com/netflix/servo/servo-core/0.10.1/servo-core-0.10.1.jar
7fe459f11000-7fe459f13000 r--s 00003000 08:06 3146457                    /home/jorge/.m2/repository/com/sun/jersey/contribs/jersey-apache-client4/1.19.1/jersey-apache-client4-1.19.1.jar
7fe459f13000-7fe459f15000 r--s 0000a000 08:06 3018569                    /home/jorge/.m2/repository/javax/ws/rs/jsr311-api/1.1.1/jsr311-api-1.1.1.jar
7fe459f15000-7fe459f1f000 r--s 00061000 08:06 3018516                    /home/jorge/.m2/repository/com/sun/jersey/jersey-core/1.19.1/jersey-core-1.19.1.jar
7fe459f1f000-7fe459f22000 r--s 0001e000 08:06 3146455                    /home/jorge/.m2/repository/com/sun/jersey/jersey-client/1.19.1/jersey-client-1.19.1.jar
7fe459f22000-7fe459f24000 r--s 0000c000 08:06 4460219                    /home/jorge/.m2/repository/com/netflix/ribbon/ribbon-httpclient/2.2.2/ribbon-httpclient-2.2.2.jar
7fe459f24000-7fe459f29000 r--s 00041000 08:06 3018509                    /home/jorge/.m2/repository/commons-lang/commons-lang/2.6/commons-lang-2.6.jar
7fe459f29000-7fe459f2d000 r--s 00011000 08:06 4460250                    /home/jorge/.m2/repository/com/netflix/ribbon/ribbon-core/2.2.2/ribbon-core-2.2.2.jar
7fe459f2d000-7fe459f34000 r--s 00047000 08:06 3146434                    /home/jorge/.m2/repository/io/netty/netty-transport/4.0.27.Final/netty-transport-4.0.27.Final.jar
7fe459f34000-7fe459f36000 r--s 00027000 08:06 3146445                    /home/jorge/.m2/repository/io/netty/netty-buffer/4.0.27.Final/netty-buffer-4.0.27.Final.jar
7fe459f36000-7fe459f3d000 r--s 00060000 08:06 3146453                    /home/jorge/.m2/repository/io/netty/netty-common/4.0.27.Final/netty-common-4.0.27.Final.jar
7fe459f3d000-7fe459f3f000 r--s 00016000 08:06 3146446                    /home/jorge/.m2/repository/io/netty/netty-transport-native-epoll/4.0.27.Final/netty-transport-native-epoll-4.0.27.Final.jar
7fe459f3f000-7fe459f44000 r--s 00036000 08:06 3146442                    /home/jorge/.m2/repository/io/netty/netty-handler/4.0.27.Final/netty-handler-4.0.27.Final.jar
7fe459f44000-7fe459f48000 r--s 00020000 08:06 3146439                    /home/jorge/.m2/repository/io/netty/netty-codec/4.0.27.Final/netty-codec-4.0.27.Final.jar
7fe459f48000-7fe459f50000 r--s 00061000 08:06 3146394                    /home/jorge/.m2/repository/io/netty/netty-codec-http/4.0.27.Final/netty-codec-http-4.0.27.Final.jar
7fe459f50000-7fe459f5a000 r--s 00059000 08:06 3146437                    /home/jorge/.m2/repository/io/reactivex/rxnetty/0.4.9/rxnetty-0.4.9.jar
7fe459f5a000-7fe459f5b000 r--s 00000000 08:06 3017354                    /home/jorge/.m2/repository/javax/inject/javax.inject/1/javax.inject-1.jar
7fe459f5b000-7fe459f5d000 r--s 00006000 08:06 3146422                    /home/jorge/.m2/repository/io/reactivex/rxnetty-servo/0.4.9/rxnetty-servo-0.4.9.jar
7fe459f5d000-7fe459f60000 r--s 0000b000 08:06 3146429                    /home/jorge/.m2/repository/io/reactivex/rxnetty-contexts/0.4.9/rxnetty-contexts-0.4.9.jar
7fe459f60000-7fe459f61000 r--s 00009000 08:06 4460223                    /home/jorge/.m2/repository/com/netflix/ribbon/ribbon-transport/2.2.2/ribbon-transport-2.2.2.jar
7fe459f61000-7fe459f65000 r--s 00012000 08:06 4460357                    /home/jorge/.m2/repository/com/netflix/ribbon/ribbon/2.2.2/ribbon-2.2.2.jar
7fe459f65000-7fe459f66000 r--s 00000000 08:06 4460280                    /home/jorge/.m2/repository/org/springframework/cloud/spring-cloud-starter-ribbon/1.3.5.RELEASE/spring-cloud-starter-ribbon-1.3.5.RELEASE.jar
7fe459f66000-7fe459f68000 r--s 0001a000 08:06 3018519                    /home/jorge/.m2/repository/org/hdrhistogram/HdrHistogram/2.1.9/HdrHistogram-2.1.9.jar
7fe459f68000-7fe459f74000 r--s 00068000 08:06 4460212                    /home/jorge/.m2/repository/com/netflix/hystrix/hystrix-core/1.5.12/hystrix-core-1.5.12.jar
7fe459f74000-7fe459f76000 r--s 00003000 08:06 3018493                    /home/jorge/.m2/repository/com/google/code/findbugs/jsr305/3.0.1/jsr305-3.0.1.jar
7fe459f76000-7fe459f7a000 r--s 0001e000 08:06 3018517                    /home/jorge/.m2/repository/com/netflix/archaius/archaius-core/0.7.4/archaius-core-0.7.4.jar
7fe459f7a000-7fe459f7b000 r--s 00003000 08:06 4460233                    /home/jorge/.m2/repository/io/github/openfeign/feign-hystrix/9.5.0/feign-hystrix-9.5.0.jar
7fe459f7b000-7fe459f7c000 r--s 00000000 08:06 4460224                    /home/jorge/.m2/repository/io/github/openfeign/feign-slf4j/9.5.0/feign-slf4j-9.5.0.jar
7fe459f7c000-7fe459f7d000 r--s 00000000 08:06 4460236                    /home/jorge/.m2/repository/org/jvnet/animal-sniffer-annotation/1.0/animal-sniffer-annotation-1.0.jar
7fe459f7d000-7fe459f7f000 r--s 00016000 08:06 4460240                    /home/jorge/.m2/repository/io/github/openfeign/feign-core/9.5.0/feign-core-9.5.0.jar
7fe459f7f000-7fe459f81000 r--s 0000c000 08:06 3541472                    /home/jorge/.m2/repository/org/springframework/security/spring-security-crypto/4.2.3.RELEASE/spring-security-crypto-4.2.3.RELEASE.jar
7fe459f81000-7fe459f86000 r--s 00017000 08:06 3280626                    /home/jorge/.m2/repository/org/springframework/cloud/spring-cloud-commons/1.2.4.RELEASE/spring-cloud-commons-1.2.4.RELEASE.jar
7fe459f86000-7fe459f8f000 r--s 00054000 08:06 4463467                    /home/jorge/.m2/repository/org/springframework/spring-aop/4.3.11.RELEASE/spring-aop-4.3.11.RELEASE.jar
7fe459f8f000-7fe459fa0000 r--s 000b8000 08:06 4463495                    /home/jorge/.m2/repository/org/springframework/spring-web/4.3.11.RELEASE/spring-web-4.3.11.RELEASE.jar
7fe459fa0000-7fe459faa000 r--s 00056000 08:06 4460283                    /home/jorge/.m2/repository/org/springframework/cloud/spring-cloud-netflix-core/1.3.5.RELEASE/spring-cloud-netflix-core-1.3.5.RELEASE.jar
7fe459faa000-7fe459fbb000 r--s 00096000 08:06 3018497                    /home/jorge/.m2/repository/org/bouncycastle/bcpkix-jdk15on/1.55/bcpkix-jdk15on-1.55.jar
7fe459fbb000-7fe459fbc000 r--s 00004000 08:06 3018496                    /home/jorge/.m2/repository/org/springframework/security/spring-security-rsa/1.0.3.RELEASE/spring-security-rsa-1.0.3.RELEASE.jar
7fe459fbc000-7fe459fbf000 r--s 00015000 08:06 3678926                    /home/jorge/.m2/repository/org/springframework/cloud/spring-cloud-context/1.2.4.RELEASE/spring-cloud-context-1.2.4.RELEASE.jar
7fe459fbf000-7fe459fc1000 r--s 00003000 08:06 4064197                    /home/jorge/.m2/repository/org/slf4j/jcl-over-slf4j/1.7.25/jcl-over-slf4j-1.7.25.jar
7fe459fc1000-7fe459fd4000 r--s 000ad000 08:06 4463464                    /home/jorge/.m2/repository/org/springframework/data/spring-data-commons/1.13.7.RELEASE/spring-data-commons-1.13.7.RELEASE.jar
7fe459fd4000-7fe459fd9000 r--s 0003c000 08:06 4463493                    /home/jorge/.m2/repository/org/springframework/spring-expression/4.3.11.RELEASE/spring-expression-4.3.11.RELEASE.jar
7fe459fd9000-7fe459fe7000 r--s 000ad000 08:06 4463490                    /home/jorge/.m2/repository/org/springframework/spring-beans/4.3.11.RELEASE/spring-beans-4.3.11.RELEASE.jar
7fe459fe7000-7fe45a000000 r--s 000fe000 08:06 4463468                    /home/jorge/.m2/repository/org/springframework/spring-context/4.3.11.RELEASE/spring-context-4.3.11.RELEASE.jar
7fe45a000000-7fe45a008000 r--s 0003a000 08:06 4463462                    /home/jorge/.m2/repository/org/springframework/spring-tx/4.3.11.RELEASE/spring-tx-4.3.11.RELEASE.jar
7fe45a008000-7fe45a020000 r--s 000de000 08:06 4463453                    /home/jorge/.m2/repository/org/springframework/data/spring-data-mongodb/1.10.7.RELEASE/spring-data-mongodb-1.10.7.RELEASE.jar
7fe45a020000-7fe45a025000 r--s 00037000 08:06 4460296                    /home/jorge/.m2/repository/org/mongodb/bson/3.4.3/bson-3.4.3.jar
7fe45a025000-7fe45a03a000 r--s 000ef000 08:06 4460269                    /home/jorge/.m2/repository/org/mongodb/mongodb-driver-core/3.4.3/mongodb-driver-core-3.4.3.jar
7fe45a03a000-7fe45a040000 r--s 00054000 08:06 4460267                    /home/jorge/.m2/repository/org/mongodb/mongodb-driver/3.4.3/mongodb-driver-3.4.3.jar
7fe45a040000-7fe45a046000 r--s 0003d000 08:06 3017929                    /home/jorge/.m2/repository/org/yaml/snakeyaml/1.17/snakeyaml-1.17.jar
7fe45a046000-7fe45a048000 r--s 00004000 08:06 4064216                    /home/jorge/.m2/repository/org/slf4j/log4j-over-slf4j/1.7.25/log4j-over-slf4j-1.7.25.jar
7fe45a048000-7fe45a04a000 r--s 00000000 08:06 4064215                    /home/jorge/.m2/repository/org/slf4j/jul-to-slf4j/1.7.25/jul-to-slf4j-1.7.25.jar
7fe45a04a000-7fe45a05d000 r--s 00345000 08:06 9969215                    /usr/lib/jvm/java-8-oracle/jre/lib/resources.jar
7fe45a05d000-7fe45a06f000 r--s 000d6000 08:06 9969119                    /usr/lib/jvm/java-8-oracle/jre/lib/plugin.jar
7fe45a06f000-7fe45a074000 r--s 0009a000 08:06 9969229                    /usr/lib/jvm/java-8-oracle/jre/lib/jsse.jar
7fe45a074000-7fe45a075000 ---p 00000000 00:00 0 
7fe45a075000-7fe45a175000 rw-p 00000000 00:00 0 
7fe45a175000-7fe45a178000 ---p 00000000 00:00 0 
7fe45a178000-7fe45a276000 rw-p 00000000 00:00 0 
7fe45a276000-7fe45a279000 ---p 00000000 00:00 0 
7fe45a279000-7fe45a377000 rw-p 00000000 00:00 0 
7fe45a377000-7fe45a37a000 ---p 00000000 00:00 0 
7fe45a37a000-7fe45a478000 rw-p 00000000 00:00 0 
7fe45a478000-7fe45a47b000 ---p 00000000 00:00 0 
7fe45a47b000-7fe45a579000 rw-p 00000000 00:00 0 
7fe45a579000-7fe45a57c000 ---p 00000000 00:00 0 
7fe45a57c000-7fe45a67a000 rw-p 00000000 00:00 0 
7fe45a67a000-7fe45a67d000 ---p 00000000 00:00 0 
7fe45a67d000-7fe45a77b000 rw-p 00000000 00:00 0 
7fe45a77b000-7fe45a77e000 ---p 00000000 00:00 0 
7fe45a77e000-7fe45a87c000 rw-p 00000000 00:00 0 
7fe45a87c000-7fe45a887000 r-xp 00000000 08:06 4723260                    /lib/x86_64-linux-gnu/libnss_files-2.24.so
7fe45a887000-7fe45aa86000 ---p 0000b000 08:06 4723260                    /lib/x86_64-linux-gnu/libnss_files-2.24.so
7fe45aa86000-7fe45aa87000 r--p 0000a000 08:06 4723260                    /lib/x86_64-linux-gnu/libnss_files-2.24.so
7fe45aa87000-7fe45aa88000 rw-p 0000b000 08:06 4723260                    /lib/x86_64-linux-gnu/libnss_files-2.24.so
7fe45aa88000-7fe45aa8e000 rw-p 00000000 00:00 0 
7fe45aa8e000-7fe45aa92000 r-xp 00000000 08:06 10099063                   /usr/lib/jvm/java-8-oracle/jre/lib/amd64/libdt_socket.so
7fe45aa92000-7fe45ac91000 ---p 00004000 08:06 10099063                   /usr/lib/jvm/java-8-oracle/jre/lib/amd64/libdt_socket.so
7fe45ac91000-7fe45ac92000 rw-p 00003000 08:06 10099063                   /usr/lib/jvm/java-8-oracle/jre/lib/amd64/libdt_socket.so
7fe45ac92000-7fe45ac95000 ---p 00000000 00:00 0 
7fe45ac95000-7fe45ad93000 rw-p 00000000 00:00 0 
7fe45ad93000-7fe45ad96000 ---p 00000000 00:00 0 
7fe45ad96000-7fe45ae94000 rw-p 00000000 00:00 0 
7fe45ae94000-7fe45ae97000 ---p 00000000 00:00 0 
7fe45ae97000-7fe45af95000 rw-p 00000000 00:00 0 
7fe45af95000-7fe45af96000 ---p 00000000 00:00 0 
7fe45af96000-7fe45c000000 rw-p 00000000 00:00 0 
7fe45c000000-7fe45c021000 rw-p 00000000 00:00 0 
7fe45c021000-7fe460000000 ---p 00000000 00:00 0 
7fe460000000-7fe460001000 r--s 00000000 08:06 4460316                    /home/jorge/.m2/repository/org/springframework/cloud/spring-cloud-starter/1.2.4.RELEASE/spring-cloud-starter-1.2.4.RELEASE.jar
7fe460001000-7fe46000b000 r--s 0006c000 08:06 9969104                    /usr/lib/jvm/java-8-oracle/jre/lib/javaws.jar
7fe46000b000-7fe464000000 rw-p 00000000 00:00 0 
7fe464000000-7fe464021000 rw-p 00000000 00:00 0 
7fe464021000-7fe468000000 ---p 00000000 00:00 0 
7fe468000000-7fe468005000 r--s 00084000 08:06 9969094                    /usr/lib/jvm/java-8-oracle/jre/lib/jfr.jar
7fe468005000-7fe468020000 r--s 0020b000 08:06 9969095                    /usr/lib/jvm/java-8-oracle/jre/lib/deploy.jar
7fe468020000-7fe468473000 rw-p 00000000 00:00 0 
7fe468473000-7fe46864c000 r--s 03d40000 08:06 9969177                    /usr/lib/jvm/java-8-oracle/jre/lib/rt.jar
7fe46864c000-7fe468a7f000 rw-p 00000000 00:00 0 
7fe468a7f000-7fe468a80000 ---p 00000000 00:00 0 
7fe468a80000-7fe468b80000 rw-p 00000000 00:00 0 
7fe468b80000-7fe468b81000 ---p 00000000 00:00 0 
7fe468b81000-7fe468c81000 rw-p 00000000 00:00 0 
7fe468c81000-7fe468c82000 ---p 00000000 00:00 0 
7fe468c82000-7fe468daa000 rw-p 00000000 00:00 0 
7fe468daa000-7fe469000000 ---p 00000000 00:00 0 
7fe469000000-7fe46a110000 rwxp 00000000 00:00 0 
7fe46a110000-7fe478000000 ---p 00000000 00:00 0 
7fe478000000-7fe479f12000 rw-p 00000000 00:00 0 
7fe479f12000-7fe47c000000 ---p 00000000 00:00 0 
7fe47c000000-7fe47c001000 r--s 00000000 08:06 4460211                    /home/jorge/.m2/repository/org/springframework/cloud/spring-cloud-starter-feign/1.3.5.RELEASE/spring-cloud-starter-feign-1.3.5.RELEASE.jar
7fe47c001000-7fe47c022000 rw-p 00000000 00:00 0 
7fe47c022000-7fe47c023000 ---p 00000000 00:00 0 
7fe47c023000-7fe47c14b000 rw-p 00000000 00:00 0 
7fe47c14b000-7fe47c3a1000 ---p 00000000 00:00 0 
7fe47c3a1000-7fe47c40b000 rw-p 00000000 00:00 0 
7fe47c40b000-7fe47c4e0000 ---p 00000000 00:00 0 
7fe47c4e0000-7fe47c526000 rw-p 00000000 00:00 0 
7fe47c526000-7fe47c8a1000 ---p 00000000 00:00 0 
7fe47c8a1000-7fe47c8bb000 r-xp 00000000 08:06 10099095                   /usr/lib/jvm/java-8-oracle/jre/lib/amd64/libzip.so
7fe47c8bb000-7fe47cabb000 ---p 0001a000 08:06 10099095                   /usr/lib/jvm/java-8-oracle/jre/lib/amd64/libzip.so
7fe47cabb000-7fe47cabc000 rw-p 0001a000 08:06 10099095                   /usr/lib/jvm/java-8-oracle/jre/lib/amd64/libzip.so
7fe47cabc000-7fe47d483000 r--p 00000000 08:06 9706788                    /usr/lib/locale/locale-archive
7fe47d483000-7fe47d485000 r-xp 00000000 08:06 10099065                   /usr/lib/jvm/java-8-oracle/jre/lib/amd64/libnpt.so
7fe47d485000-7fe47d685000 ---p 00002000 08:06 10099065                   /usr/lib/jvm/java-8-oracle/jre/lib/amd64/libnpt.so
7fe47d685000-7fe47d686000 rw-p 00002000 08:06 10099065                   /usr/lib/jvm/java-8-oracle/jre/lib/amd64/libnpt.so
7fe47d686000-7fe47d6bf000 r-xp 00000000 08:06 10099083                   /usr/lib/jvm/java-8-oracle/jre/lib/amd64/libjdwp.so
7fe47d6bf000-7fe47d8bf000 ---p 00039000 08:06 10099083                   /usr/lib/jvm/java-8-oracle/jre/lib/amd64/libjdwp.so
7fe47d8bf000-7fe47d8c0000 rw-p 00039000 08:06 10099083                   /usr/lib/jvm/java-8-oracle/jre/lib/amd64/libjdwp.so
7fe47d8c0000-7fe47d8c1000 rw-p 00000000 00:00 0 
7fe47d8c1000-7fe47d8ec000 r-xp 00000000 08:06 10099089                   /usr/lib/jvm/java-8-oracle/jre/lib/amd64/libjava.so
7fe47d8ec000-7fe47daeb000 ---p 0002b000 08:06 10099089                   /usr/lib/jvm/java-8-oracle/jre/lib/amd64/libjava.so
7fe47daeb000-7fe47daed000 rw-p 0002a000 08:06 10099089                   /usr/lib/jvm/java-8-oracle/jre/lib/amd64/libjava.so
7fe47daed000-7fe47dafa000 r-xp 00000000 08:06 10099094                   /usr/lib/jvm/java-8-oracle/jre/lib/amd64/libverify.so
7fe47dafa000-7fe47dcf9000 ---p 0000d000 08:06 10099094                   /usr/lib/jvm/java-8-oracle/jre/lib/amd64/libverify.so
7fe47dcf9000-7fe47dcfb000 rw-p 0000c000 08:06 10099094                   /usr/lib/jvm/java-8-oracle/jre/lib/amd64/libverify.so
7fe47dcfb000-7fe47dd02000 r-xp 00000000 08:06 4723315                    /lib/x86_64-linux-gnu/librt-2.24.so
7fe47dd02000-7fe47df01000 ---p 00007000 08:06 4723315                    /lib/x86_64-linux-gnu/librt-2.24.so
7fe47df01000-7fe47df02000 r--p 00006000 08:06 4723315                    /lib/x86_64-linux-gnu/librt-2.24.so
7fe47df02000-7fe47df03000 rw-p 00007000 08:06 4723315                    /lib/x86_64-linux-gnu/librt-2.24.so
7fe47df03000-7fe47e00b000 r-xp 00000000 08:06 4723233                    /lib/x86_64-linux-gnu/libm-2.24.so
7fe47e00b000-7fe47e20a000 ---p 00108000 08:06 4723233                    /lib/x86_64-linux-gnu/libm-2.24.so
7fe47e20a000-7fe47e20b000 r--p 00107000 08:06 4723233                    /lib/x86_64-linux-gnu/libm-2.24.so
7fe47e20b000-7fe47e20c000 rw-p 00108000 08:06 4723233                    /lib/x86_64-linux-gnu/libm-2.24.so
7fe47e20c000-7fe47eedb000 r-xp 00000000 08:06 10099072                   /usr/lib/jvm/java-8-oracle/jre/lib/amd64/server/libjvm.so
7fe47eedb000-7fe47f0db000 ---p 00ccf000 08:06 10099072                   /usr/lib/jvm/java-8-oracle/jre/lib/amd64/server/libjvm.so
7fe47f0db000-7fe47f1b4000 rw-p 00ccf000 08:06 10099072                   /usr/lib/jvm/java-8-oracle/jre/lib/amd64/server/libjvm.so
7fe47f1b4000-7fe47f1ff000 rw-p 00000000 00:00 0 
7fe47f1ff000-7fe47f3bc000 r-xp 00000000 08:06 4723167                    /lib/x86_64-linux-gnu/libc-2.24.so
7fe47f3bc000-7fe47f5bc000 ---p 001bd000 08:06 4723167                    /lib/x86_64-linux-gnu/libc-2.24.so
7fe47f5bc000-7fe47f5c0000 r--p 001bd000 08:06 4723167                    /lib/x86_64-linux-gnu/libc-2.24.so
7fe47f5c0000-7fe47f5c2000 rw-p 001c1000 08:06 4723167                    /lib/x86_64-linux-gnu/libc-2.24.so
7fe47f5c2000-7fe47f5c6000 rw-p 00000000 00:00 0 
7fe47f5c6000-7fe47f5c9000 r-xp 00000000 08:06 4723191                    /lib/x86_64-linux-gnu/libdl-2.24.so
7fe47f5c9000-7fe47f7c8000 ---p 00003000 08:06 4723191                    /lib/x86_64-linux-gnu/libdl-2.24.so
7fe47f7c8000-7fe47f7c9000 r--p 00002000 08:06 4723191                    /lib/x86_64-linux-gnu/libdl-2.24.so
7fe47f7c9000-7fe47f7ca000 rw-p 00003000 08:06 4723191                    /lib/x86_64-linux-gnu/libdl-2.24.so
7fe47f7ca000-7fe47f7df000 r-xp 00000000 08:06 9969000                    /usr/lib/jvm/java-8-oracle/lib/amd64/jli/libjli.so
7fe47f7df000-7fe47f9df000 ---p 00015000 08:06 9969000                    /usr/lib/jvm/java-8-oracle/lib/amd64/jli/libjli.so
7fe47f9df000-7fe47f9e0000 rw-p 00015000 08:06 9969000                    /usr/lib/jvm/java-8-oracle/lib/amd64/jli/libjli.so
7fe47f9e0000-7fe47f9f8000 r-xp 00000000 08:06 4723307                    /lib/x86_64-linux-gnu/libpthread-2.24.so
7fe47f9f8000-7fe47fbf8000 ---p 00018000 08:06 4723307                    /lib/x86_64-linux-gnu/libpthread-2.24.so
7fe47fbf8000-7fe47fbf9000 r--p 00018000 08:06 4723307                    /lib/x86_64-linux-gnu/libpthread-2.24.so
7fe47fbf9000-7fe47fbfa000 rw-p 00019000 08:06 4723307                    /lib/x86_64-linux-gnu/libpthread-2.24.so
7fe47fbfa000-7fe47fbfe000 rw-p 00000000 00:00 0 
7fe47fbfe000-7fe47fc23000 r-xp 00000000 08:06 4723139                    /lib/x86_64-linux-gnu/ld-2.24.so
7fe47fc23000-7fe47fc24000 r--s 00000000 08:06 4463454                    /home/jorge/.m2/repository/org/springframework/boot/spring-boot-starter-logging/1.5.7.RELEASE/spring-boot-starter-logging-1.5.7.RELEASE.jar
7fe47fc24000-7fe47fc25000 r--s 00000000 08:06 4463478                    /home/jorge/.m2/repository/org/springframework/boot/spring-boot-starter/1.5.7.RELEASE/spring-boot-starter-1.5.7.RELEASE.jar
7fe47fc25000-7fe47fcce000 rw-p 00000000 00:00 0 
7fe47fcce000-7fe47fd03000 r--s 00000000 08:06 7341963                    /var/cache/nscd/passwd
7fe47fd03000-7fe47fd06000 ---p 00000000 00:00 0 
7fe47fd06000-7fe47fe06000 rw-p 00000000 00:00 0 
7fe47fe06000-7fe47fe07000 r--s 00000000 08:06 4463450                    /home/jorge/.m2/repository/org/springframework/boot/spring-boot-starter-data-mongodb/1.5.7.RELEASE/spring-boot-starter-data-mongodb-1.5.7.RELEASE.jar
7fe47fe07000-7fe47fe08000 r--s 00000000 08:06 9969101                    /usr/lib/jvm/java-8-oracle/jre/lib/management-agent.jar
7fe47fe08000-7fe47fe0a000 r--s 00007000 08:06 9969308                    /usr/lib/jvm/java-8-oracle/jre/lib/jfxswt.jar
7fe47fe0a000-7fe47fe0d000 r--s 0001a000 08:06 9969306                    /usr/lib/jvm/java-8-oracle/jre/lib/jce.jar
7fe47fe0d000-7fe47fe12000 r--s 002f9000 08:06 9969175                    /usr/lib/jvm/java-8-oracle/jre/lib/charsets.jar
7fe47fe12000-7fe47fe14000 r--s 00020000 08:06 3670461                    /home/jorge/Programs/idea-IC-171.4694.23/plugins/junit/lib/junit-rt.jar
7fe47fe14000-7fe47fe16000 r--s 0001a000 08:06 2375165                    /home/jorge/Programs/idea-IC-171.4694.23/lib/idea_rt.jar
7fe47fe16000-7fe47fe1e000 rw-s 00000000 08:06 3541493                    /tmp/hsperfdata_jorge/1955
7fe47fe1e000-7fe47fe1f000 rw-p 00000000 00:00 0 
7fe47fe1f000-7fe47fe20000 ---p 00000000 00:00 0 
7fe47fe20000-7fe47fe23000 rw-p 00000000 00:00 0 
7fe47fe23000-7fe47fe24000 r--p 00025000 08:06 4723139                    /lib/x86_64-linux-gnu/ld-2.24.so
7fe47fe24000-7fe47fe25000 rw-p 00026000 08:06 4723139                    /lib/x86_64-linux-gnu/ld-2.24.so
7fe47fe25000-7fe47fe26000 rw-p 00000000 00:00 0 
7ffdaab14000-7ffdaab3b000 rw-p 00000000 00:00 0                          [stack]
7ffdaab92000-7ffdaab94000 r--p 00000000 00:00 0                          [vvar]
7ffdaab94000-7ffdaab96000 r-xp 00000000 00:00 0                          [vdso]
ffffffffff600000-ffffffffff601000 r-xp 00000000 00:00 0                  [vsyscall]

VM Arguments:
jvm_args: -agentlib:jdwp=transport=dt_socket,address=127.0.0.1:40791,suspend=y,server=n -ea -Didea.test.cyclic.buffer.size=1048576 -Dfile.encoding=UTF-8 
java_command: com.intellij.rt.execution.junit.JUnitStarter -ideVersion5 com.jorge.cycletimecrawler.service.HibridServiceTests,imageTest
java_class_path (initial): /home/jorge/Programs/idea-IC-171.4694.23/lib/idea_rt.jar:/home/jorge/Programs/idea-IC-171.4694.23/plugins/junit/lib/junit-rt.jar:/usr/lib/jvm/java-8-oracle/jre/lib/charsets.jar:/usr/lib/jvm/java-8-oracle/jre/lib/deploy.jar:/usr/lib/jvm/java-8-oracle/jre/lib/ext/cldrdata.jar:/usr/lib/jvm/java-8-oracle/jre/lib/ext/dnsns.jar:/usr/lib/jvm/java-8-oracle/jre/lib/ext/jaccess.jar:/usr/lib/jvm/java-8-oracle/jre/lib/ext/jfxrt.jar:/usr/lib/jvm/java-8-oracle/jre/lib/ext/localedata.jar:/usr/lib/jvm/java-8-oracle/jre/lib/ext/nashorn.jar:/usr/lib/jvm/java-8-oracle/jre/lib/ext/sunec.jar:/usr/lib/jvm/java-8-oracle/jre/lib/ext/sunjce_provider.jar:/usr/lib/jvm/java-8-oracle/jre/lib/ext/sunpkcs11.jar:/usr/lib/jvm/java-8-oracle/jre/lib/ext/zipfs.jar:/usr/lib/jvm/java-8-oracle/jre/lib/javaws.jar:/usr/lib/jvm/java-8-oracle/jre/lib/jce.jar:/usr/lib/jvm/java-8-oracle/jre/lib/jfr.jar:/usr/lib/jvm/java-8-oracle/jre/lib/jfxswt.jar:/usr/lib/jvm/java-8-oracle/jre/lib/jsse.jar:/usr/lib/jvm/java-8-oracle/jre/lib/management-agent.jar:/usr/lib/jvm/java-8-oracle/jre/lib/plugin.jar:/usr/lib/jvm/java-8-oracle/jre/lib/resources.jar:/usr/lib/jvm/java-8-oracle/jre/lib/rt.jar:/home/jorge/Workspace/cycle-time-crawler/target/test-classes:/home/jorge/Workspace/cycle-time-crawler/target/classes:/home/jorge/.m2/repository/org/springframework/boot/spring-boot-starter-data-mongodb/1.5.7.RELEASE/spring-boot-starter-data-mongodb-1.5.7.RELEASE.jar:/home/jorge/.m2/repository/org/springframework/boot/spring-boot-starter/1.5.7.RELEASE/spring-boot-starter-1.5.7.RELEASE.jar:/home/jorge/.m2/repository/org/springframework/boot/spring-boot-starter-logging/1.5.7.RELEASE/spring-boot-starter-logging-1.5.7.RELEASE.jar:/home/jorge/.m2/repository/org/slf4j/jul-to-slf4j/1.7.25/jul-to-slf4j-1.7.25.jar:/home/jorge/.m2/repository/org/slf4j/log4j-over-slf4j/1.7.25/log4j-over-slf4j-1.7.25.jar:/home/jorge/.m2/repository/org/yaml/snakeyaml/1.17/snakeyaml-1.17.jar:/home/jorge/.m2/repository/org/mongodb/mongodb
Launcher Type: SUN_STANDARD

Environment Variables:
JAVA_HOME=/usr/lib/jvm/java-8-oracle
PATH=/usr/local/sbin:/usr/local/bin:/usr/sbin:/usr/bin:/sbin:/bin:/usr/games:/usr/local/games:/snap/bin:/usr/lib/jvm/java-8-oracle/bin:/usr/lib/jvm/java-8-oracle/db/bin:/usr/lib/jvm/java-8-oracle/jre/bin
USERNAME=jorge
LD_LIBRARY_PATH=/home/jorge/Programs/idea-IC-171.4694.23/bin:
SHELL=/usr/bin/zsh
DISPLAY=:0

Signal Handlers:
SIGSEGV: [libjvm.so+0xac8af0], sa_mask[0]=11111111011111111101111111111110, sa_flags=SA_RESTART|SA_SIGINFO
SIGBUS: [libjvm.so+0xac8af0], sa_mask[0]=11111111011111111101111111111110, sa_flags=SA_RESTART|SA_SIGINFO
SIGFPE: [libjvm.so+0x921dd0], sa_mask[0]=11111111011111111101111111111110, sa_flags=SA_RESTART|SA_SIGINFO
SIGPIPE: [libjvm.so+0x921dd0], sa_mask[0]=11111111011111111101111111111110, sa_flags=SA_RESTART|SA_SIGINFO
SIGXFSZ: [libjvm.so+0x921dd0], sa_mask[0]=11111111011111111101111111111110, sa_flags=SA_RESTART|SA_SIGINFO
SIGILL: [libjvm.so+0x921dd0], sa_mask[0]=11111111011111111101111111111110, sa_flags=SA_RESTART|SA_SIGINFO
SIGUSR1: SIG_DFL, sa_mask[0]=00000000000000000000000000000000, sa_flags=none
SIGUSR2: [libjvm.so+0x923610], sa_mask[0]=00100000000000000000000000000000, sa_flags=SA_RESTART|SA_SIGINFO
SIGHUP: [libjvm.so+0x924a10], sa_mask[0]=11111111011111111101111111111110, sa_flags=SA_RESTART|SA_SIGINFO
SIGINT: [libjvm.so+0x924a10], sa_mask[0]=11111111011111111101111111111110, sa_flags=SA_RESTART|SA_SIGINFO
SIGTERM: [libjvm.so+0x924a10], sa_mask[0]=11111111011111111101111111111110, sa_flags=SA_RESTART|SA_SIGINFO
SIGQUIT: [libjvm.so+0x924a10], sa_mask[0]=11111111011111111101111111111110, sa_flags=SA_RESTART|SA_SIGINFO


---------------  S Y S T E M  ---------------

OS:DISTRIB_ID=Ubuntu
DISTRIB_RELEASE=17.04
DISTRIB_CODENAME=zesty
DISTRIB_DESCRIPTION="Ubuntu 17.04"

uname:Linux 4.10.0-22-generic #24-Ubuntu SMP Mon May 22 17:43:20 UTC 2017 x86_64
libc:glibc 2.24 NPTL 2.24 
rlimit: STACK 8192k, CORE 0k, NPROC 30434, NOFILE 65536, AS infinity
load average:17,50 6,12 3,08

/proc/meminfo:
MemTotal:        7836924 kB
MemFree:          105416 kB
MemAvailable:      29264 kB
Buffers:            2152 kB
Cached:          1233060 kB
SwapCached:         2208 kB
Active:          6428116 kB
Inactive:         950860 kB
Active(anon):    6389704 kB
Inactive(anon):   912592 kB
Active(file):      38412 kB
Inactive(file):    38268 kB
Unevictable:        1220 kB
Mlocked:            1220 kB
SwapTotal:       2097148 kB
SwapFree:              0 kB
Dirty:                80 kB
Writeback:           464 kB
AnonPages:       6143452 kB
Mapped:           923440 kB
Shmem:           1158156 kB
Slab:             123088 kB
SReclaimable:      48804 kB
SUnreclaim:        74284 kB
KernelStack:       20880 kB
PageTables:       107384 kB
NFS_Unstable:          0 kB
Bounce:                0 kB
WritebackTmp:          0 kB
CommitLimit:     6015608 kB
Committed_AS:   19005864 kB
VmallocTotal:   34359738367 kB
VmallocUsed:           0 kB
VmallocChunk:          0 kB
HardwareCorrupted:     0 kB
AnonHugePages:   2318336 kB
ShmemHugePages:        0 kB
ShmemPmdMapped:        0 kB
CmaTotal:              0 kB
CmaFree:               0 kB
HugePages_Total:       0
HugePages_Free:        0
HugePages_Rsvd:        0
HugePages_Surp:        0
Hugepagesize:       2048 kB
DirectMap4k:      415320 kB
DirectMap2M:     7632896 kB
DirectMap1G:     1048576 kB


CPU:total 4 (initial active 4) (2 cores per cpu, 2 threads per core) family 6 model 78 stepping 3, cmov, cx8, fxsr, mmx, sse, sse2, sse3, ssse3, sse4.1, sse4.2, popcnt, avx, avx2, aes, clmul, erms, rtm, 3dnowpref, lzcnt, ht, tsc, tscinvbit, bmi1, bmi2, adx

/proc/cpuinfo:
processor	: 0
vendor_id	: GenuineIntel
cpu family	: 6
model		: 78
model name	: Intel(R) Core(TM) i7-6600U CPU @ 2.60GHz
stepping	: 3
microcode	: 0x9e
cpu MHz		: 502.270
cache size	: 4096 KB
physical id	: 0
siblings	: 4
core id		: 0
cpu cores	: 2
apicid		: 0
initial apicid	: 0
fpu		: yes
fpu_exception	: yes
cpuid level	: 22
wp		: yes
flags		: fpu vme de pse tsc msr pae mce cx8 apic sep mtrr pge mca cmov pat pse36 clflush dts acpi mmx fxsr sse sse2 ss ht tm pbe syscall nx pdpe1gb rdtscp lm constant_tsc art arch_perfmon pebs bts rep_good nopl xtopology nonstop_tsc aperfmperf tsc_known_freq pni pclmulqdq dtes64 monitor ds_cpl vmx smx est tm2 ssse3 sdbg fma cx16 xtpr pdcm pcid sse4_1 sse4_2 x2apic movbe popcnt tsc_deadline_timer aes xsave avx f16c rdrand lahf_lm abm 3dnowprefetch epb intel_pt tpr_shadow vnmi flexpriority ept vpid fsgsbase tsc_adjust bmi1 hle avx2 smep bmi2 erms invpcid rtm mpx rdseed adx smap clflushopt xsaveopt xsavec xgetbv1 xsaves dtherm ida arat pln pts hwp hwp_notify hwp_act_window hwp_epp
bugs		:
bogomips	: 5616.00
clflush size	: 64
cache_alignment	: 64
address sizes	: 39 bits physical, 48 bits virtual
power management:

processor	: 1
vendor_id	: GenuineIntel
cpu family	: 6
model		: 78
model name	: Intel(R) Core(TM) i7-6600U CPU @ 2.60GHz
stepping	: 3
microcode	: 0x9e
cpu MHz		: 529.614
cache size	: 4096 KB
physical id	: 0
siblings	: 4
core id		: 1
cpu cores	: 2
apicid		: 2
initial apicid	: 2
fpu		: yes
fpu_exception	: yes
cpuid level	: 22
wp		: yes
flags		: fpu vme de pse tsc msr pae mce cx8 apic sep mtrr pge mca cmov pat pse36 clflush dts acpi mmx fxsr sse sse2 ss ht tm pbe syscall nx pdpe1gb rdtscp lm constant_tsc art arch_perfmon pebs bts rep_good nopl xtopology nonstop_tsc aperfmperf tsc_known_freq pni pclmulqdq dtes64 monitor ds_cpl vmx smx est tm2 ssse3 sdbg fma cx16 xtpr pdcm pcid sse4_1 sse4_2 x2apic movbe popcnt tsc_deadline_timer aes xsave avx f16c rdrand lahf_lm abm 3dnowprefetch epb intel_pt tpr_shadow vnmi flexpriority ept vpid fsgsbase tsc_adjust bmi1 hle avx2 smep bmi2 erms invpcid rtm mpx rdseed adx smap clflushopt xsaveopt xsavec xgetbv1 xsaves dtherm ida arat pln pts hwp hwp_notify hwp_act_window hwp_epp
bugs		:
bogomips	: 5616.00
clflush size	: 64
cache_alignment	: 64
address sizes	: 39 bits physical, 48 bits virtual
power management:

processor	: 2
vendor_id	: GenuineIntel
cpu family	: 6
model		: 78
model name	: Intel(R) Core(TM) i7-6600U CPU @ 2.60GHz
stepping	: 3
microcode	: 0x9e
cpu MHz		: 509.448
cache size	: 4096 KB
physical id	: 0
siblings	: 4
core id		: 0
cpu cores	: 2
apicid		: 1
initial apicid	: 1
fpu		: yes
fpu_exception	: yes
cpuid level	: 22
wp		: yes
flags		: fpu vme de pse tsc msr pae mce cx8 apic sep mtrr pge mca cmov pat pse36 clflush dts acpi mmx fxsr sse sse2 ss ht tm pbe syscall nx pdpe1gb rdtscp lm constant_tsc art arch_perfmon pebs bts rep_good nopl xtopology nonstop_tsc aperfmperf tsc_known_freq pni pclmulqdq dtes64 monitor ds_cpl vmx smx est tm2 ssse3 sdbg fma cx16 xtpr pdcm pcid sse4_1 sse4_2 x2apic movbe popcnt tsc_deadline_timer aes xsave avx f16c rdrand lahf_lm abm 3dnowprefetch epb intel_pt tpr_shadow vnmi flexpriority ept vpid fsgsbase tsc_adjust bmi1 hle avx2 smep bmi2 erms invpcid rtm mpx rdseed adx smap clflushopt xsaveopt xsavec xgetbv1 xsaves dtherm ida arat pln pts hwp hwp_notify hwp_act_window hwp_epp
bugs		:
bogomips	: 5616.00
clflush size	: 64
cache_alignment	: 64
address sizes	: 39 bits physical, 48 bits virtual
power management:

processor	: 3
vendor_id	: GenuineIntel
cpu family	: 6
model		: 78
model name	: Intel(R) Core(TM) i7-6600U CPU @ 2.60GHz
stepping	: 3
microcode	: 0x9e
cpu MHz		: 502.612
cache size	: 4096 KB
physical id	: 0
siblings	: 4
core id		: 1
cpu cores	: 2
apicid		: 3
initial apicid	: 3
fpu		: yes
fpu_exception	: yes
cpuid level	: 22
wp		: yes
flags		: fpu vme de pse tsc msr pae mce cx8 apic sep mtrr pge mca cmov pat pse36 clflush dts acpi mmx fxsr sse sse2 ss ht tm pbe syscall nx pdpe1gb rdtscp lm constant_tsc art arch_perfmon pebs bts rep_good nopl xtopology nonstop_tsc aperfmperf tsc_known_freq pni pclmulqdq dtes64 monitor ds_cpl vmx smx est tm2 ssse3 sdbg fma cx16 xtpr pdcm pcid sse4_1 sse4_2 x2apic movbe popcnt tsc_deadline_timer aes xsave avx f16c rdrand lahf_lm abm 3dnowprefetch epb intel_pt tpr_shadow vnmi flexpriority ept vpid fsgsbase tsc_adjust bmi1 hle avx2 smep bmi2 erms invpcid rtm mpx rdseed adx smap clflushopt xsaveopt xsavec xgetbv1 xsaves dtherm ida arat pln pts hwp hwp_notify hwp_act_window hwp_epp
bugs		:
bogomips	: 5616.00
clflush size	: 64
cache_alignment	: 64
address sizes	: 39 bits physical, 48 bits virtual
power management:



Memory: 4k page, physical 7836924k(105416k free), swap 2097148k(0k free)

vm_info: Java HotSpot(TM) 64-Bit Server VM (25.131-b11) for linux-amd64 JRE (1.8.0_131-b11), built on Mar 15 2017 01:23:40 by "java_re" with gcc 4.3.0 20080428 (Red Hat 4.3.0-8)

time: Tue Nov 21 21:40:33 2017
elapsed time: 72 seconds (0d 0h 1m 12s)

